Log started at 19.10.2022	18:50:25
Number of used processors (NPROC): 16.
Number of mesh partitions (NPART): 16.
Total Physical Memory = 15.41 Gb, Available Physical Memory = 4.22 Gb
Computer name:	THEBEEFMACHINE
Operating system:	Windows 10 (or higher) (Version 10.0.19044)

SOLIDWORKS 2021 SP3.0
Flow Simulation 2021  x64 / 5251 / MESHER ver.  

Project: C:\Users\Hailin Truman\Documents\GrabCAD\CAD 2019-22\SolarCar2022-2023\Canopy\3\3.xmlconfig
Configuration name: Default
Project name: Project(1)
Problem type: external-with-void-internal-space-type
NGK: OFF
MBO: OFF
-----------------------------------------------------------------------
Mesher option run = eRunMesherNormal
-----------------------------------------------------------------------

Mesh generation started:	19.10.2022	18:50:25
Base mesh dimensions were changed from (72, 64, 132) to (72, 64, 133)
Mesher adjust APD = OFF; AdjustAPD_method=0; N_per_Channel = 0; N2_per_Channel = 0
Current CPU = 0 sec
-----------------------------------------------------------------------
Geometries initialization:
-----------------------------------------------------------------------
Loading mesh settings (global/local)...
-----------------------------------------------------------------------
Number of geometries from DB: 1
Geometry(0):
	Guid = {00000000-0000-0000-0000-000000000000}
	Fluid..
	1 Body.
	1 Real body.
	-- Bodyset 0 --
		Tolerance=0.000572366.
		30 Face(s).
			30 of b-spline type.
		0 Face(s) that have no ref faces
		5 Plane surface(s).
		4 Cylinder surface(s).
		7 B- surface(s).
		14 Blending surface(s).
		20628 Triangle(s).
		Getting triangle connectivities from DB: 0.001 s
		76 Edge(s).
			76 of b-spline type.
		BodyGeom reading: 0.011 s.
		30 Reference Face(s).
		20628 Reference Triangles.
		Getting triangle connectivities from DB (Ref): 0.001 s
		BodyGeom Ref reading: 0.002 s.
		Getting triangle connectivities from DB (Extra Triangulation): 0.001 s
Geometry(1):
	Solid.
	-- Bodyset 1 --
	Empty
-----------------------------------------------------------------------
Number of geometries in task: 2
Number of bodysets   in task: 2
-----------------------------------------------------------------------
	Making hash and connectivity for Bodyset ...
		CBodyGeom:
		Hash size: {72, 64, 133}.
		Mesh size: {72, 64, 133}.
		Hashing triangles...Ok.
			axis(0) tr sizes: average=17 max=294
			axis(1) tr sizes: average=14 max=279
			axis(2) tr sizes: average=37 max=226
		Number of t-connected sets:1
			(0) size=20628
		Done.
		CBodyGeomRef:
		Hashing triangles...Ok.
			axis(0) tr sizes: average=16 max=282
			axis(1) tr sizes: average=13 max=273
			axis(2) tr sizes: average=34 max=189
		Done.
	0.0344 s.
Hash BodySets boxes over base mesh...OK (0.089 s)
Geometries reading and preparing has taken 0.143 s.

Mapped triangles:
Hashing geometries triangles
	Triangles num=20628
	Triangles box={-0.253354  ,1.46826  ,1.01729  ,1.9545  ,0.303878  ,5.19784  }
		3d-hash size is 2632144 bytes
Hashing peculiar surfaces triangles
Mapped triangles processed in 0.044 s.
-----------------------------------------------------------------------
Getting sectors:
Number of sectors: 0
-----------------------------------------------------------------------
-----------------------------------------------------------------------

Current CPU = 0 sec
-----------------------------------------------------------------------
Checking faces on CD...
FCD = [0 0 0 0 0 0]
FCD_conflicts = 0
Time (check faces on CD)=0.000 s
-----------------------------------------------------------------------

-----------------------------------------------------------------------
Mesh dimensions:
				I[0 ]=72
				I[1 ]=64
				I[2 ]=133

Comp. domain size:
				a[0  ]=-4.59201
				a[1  ]=5.80692
				a[2  ]=-3.45938
				a[3  ]=6.01904
				a[4  ]=-3.93901
				a[5  ]=11.9682

Fluid calculated			1
Solid calculated			0
-----------------------------------------------------------------------
MESH Build started...
-----------------------------------------------------------------------
Mesh LEVEL = 1
-----------------------------------------------------------------------
-----------------------------------------------------------------------
CPT-mode xeps:
	D / dh / eps [axis=0] = (10.3989, 0.04608, 4.608e-05)
	D / dh / eps [axis=1] = (9.47842, 0.0436806, 4.36806e-05)
	D / dh / eps [axis=2] = (15.9072, 0.0465072, 4.65072e-05)
-----------------------------------------------------------------------
Setting regions...OK (0.006 s)
-----------------------------------------------------------------------
Base mesh info:
	3D task
	Nx=72
	Ny=64
	Nz=133
	N(Nx*Ny*Nz) = 4608
	Period    axis=[0, 0, 0]
	Symmetry  ni=[0 0 0 0 0 0]
	ZoomingBC ni=[0 0 0 0 0 0]
	Nx=72
		x[0]=-4.59201
		x[1]=-4.31074
		x[2]=-4.04287
		x[3]=-3.78768
		x[4]=-3.54458
		x[5]=-3.31298
		x[6]=-3.09234
		x[7]=-2.88216
		x[8]=-2.68192
		x[9]=-2.49116
		x[10]=-2.30943
		x[11]=-2.13631
		x[12]=-1.97138
		x[13]=-1.81426
		x[14]=-1.66458
		x[15]=-1.52198
		x[16]=-1.38614
		x[17]=-1.25672
		x[18]=-1.13344
		x[19]=-1.01599
		x[20]=-0.904096
		x[21]=-0.797502
		x[22]=-0.695955
		x[23]=-0.599215
		x[24]=-0.507055
		x[25]=-0.414177
		x[26]=-0.321299
		x[27]=-0.228421
		x[28]=-0.135543
		x[29]=-0.0426644
		x[30]=0.0502137
		x[31]=0.143092
		x[32]=0.23597
		x[33]=0.328848
		x[34]=0.421726
		x[35]=0.514604
		x[36]=0.607482
		x[37]=0.700361
		x[38]=0.793239
		x[39]=0.886117
		x[40]=0.978995
		x[41]=1.07187
		x[42]=1.16475
		x[43]=1.25763
		x[44]=1.35051
		x[45]=1.44339
		x[46]=1.53626
		x[47]=1.62914
		x[48]=1.72202
		x[49]=1.81418
		x[50]=1.91093
		x[51]=2.01248
		x[52]=2.11908
		x[53]=2.23098
		x[54]=2.34843
		x[55]=2.47173
		x[56]=2.60115
		x[57]=2.737
		x[58]=2.8796
		x[59]=3.02929
		x[60]=3.18641
		x[61]=3.35135
		x[62]=3.52448
		x[63]=3.70621
		x[64]=3.89697
		x[65]=4.09722
		x[66]=4.30741
		x[67]=4.52805
		x[68]=4.75965
		x[69]=5.00276
		x[70]=5.25795
		x[71]=5.52582
		x[72]=5.80692
	Ny=64
		y[0]=-3.45938
		y[1]=-3.18803
		y[2]=-2.92926
		y[3]=-2.68243
		y[4]=-2.44697
		y[5]=-2.22238
		y[6]=-2.00814
		y[7]=-1.80378
		y[8]=-1.60884
		y[9]=-1.4229
		y[10]=-1.24552
		y[11]=-1.07633
		y[12]=-0.914939
		y[13]=-0.760989
		y[14]=-0.614138
		y[15]=-0.474058
		y[16]=-0.340438
		y[17]=-0.21298
		y[18]=-0.0913984
		y[19]=0.0245765
		y[20]=0.135204
		y[21]=0.240729
		y[22]=0.341389
		y[23]=0.437408
		y[24]=0.528998
		y[25]=0.616366
		y[26]=0.711152
		y[27]=0.805936
		y[28]=0.90072
		y[29]=0.995504
		y[30]=1.09029
		y[31]=1.18507
		y[32]=1.27986
		y[33]=1.37464
		y[34]=1.46943
		y[35]=1.56421
		y[36]=1.65899
		y[37]=1.75378
		y[38]=1.84856
		y[39]=1.94335
		y[40]=2.03071
		y[41]=2.1223
		y[42]=2.21831
		y[43]=2.31897
		y[44]=2.42449
		y[45]=2.53512
		y[46]=2.65109
		y[47]=2.77267
		y[48]=2.90013
		y[49]=3.03375
		y[50]=3.17383
		y[51]=3.32069
		y[52]=3.47464
		y[53]=3.63603
		y[54]=3.80523
		y[55]=3.98261
		y[56]=4.16856
		y[57]=4.36351
		y[58]=4.56787
		y[59]=4.78212
		y[60]=5.00673
		y[61]=5.24219
		y[62]=5.48904
		y[63]=5.74782
		y[64]=6.01904
	Nz=133
		z[0]=-3.93901
		z[1]=-3.67441
		z[2]=-3.42214
		z[3]=-3.18156
		z[4]=-2.95213
		z[5]=-2.73333
		z[6]=-2.52468
		z[7]=-2.3257
		z[8]=-2.13594
		z[9]=-1.95498
		z[10]=-1.7824
		z[11]=-1.61783
		z[12]=-1.46088
		z[13]=-1.31121
		z[14]=-1.16848
		z[15]=-1.03236
		z[16]=-0.90255
		z[17]=-0.778759
		z[18]=-0.660706
		z[19]=-0.548125
		z[20]=-0.440763
		z[21]=-0.338377
		z[22]=-0.240737
		z[23]=-0.147623
		z[24]=-0.0540164
		z[25]=0.0395899
		z[26]=0.133196
		z[27]=0.226802
		z[28]=0.320409
		z[29]=0.414015
		z[30]=0.507621
		z[31]=0.601227
		z[32]=0.694834
		z[33]=0.78844
		z[34]=0.882046
		z[35]=0.975652
		z[36]=1.06926
		z[37]=1.16286
		z[38]=1.25647
		z[39]=1.35008
		z[40]=1.44368
		z[41]=1.53729
		z[42]=1.6309
		z[43]=1.7245
		z[44]=1.81811
		z[45]=1.91171
		z[46]=2.00532
		z[47]=2.09893
		z[48]=2.19253
		z[49]=2.28614
		z[50]=2.37975
		z[51]=2.47335
		z[52]=2.56696
		z[53]=2.66056
		z[54]=2.75423
		z[55]=2.8479
		z[56]=2.94157
		z[57]=3.03524
		z[58]=3.12891
		z[59]=3.22258
		z[60]=3.31625
		z[61]=3.40992
		z[62]=3.50359
		z[63]=3.59726
		z[64]=3.69093
		z[65]=3.7846
		z[66]=3.87827
		z[67]=3.97194
		z[68]=4.06561
		z[69]=4.15928
		z[70]=4.25295
		z[71]=4.34662
		z[72]=4.44029
		z[73]=4.53396
		z[74]=4.62763
		z[75]=4.7213
		z[76]=4.81496
		z[77]=4.90863
		z[78]=5.0023
		z[79]=5.09597
		z[80]=5.18964
		z[81]=5.28331
		z[82]=5.37698
		z[83]=5.47065
		z[84]=5.56432
		z[85]=5.65799
		z[86]=5.75166
		z[87]=5.84533
		z[88]=5.939
		z[89]=6.03267
		z[90]=6.12634
		z[91]=6.22001
		z[92]=6.31368
		z[93]=6.40735
		z[94]=6.50102
		z[95]=6.59469
		z[96]=6.68836
		z[97]=6.78203
		z[98]=6.8757
		z[99]=6.96937
		z[100]=7.06303
		z[101]=7.1567
		z[102]=7.25037
		z[103]=7.34404
		z[104]=7.43771
		z[105]=7.53138
		z[106]=7.62505
		z[107]=7.71872
		z[108]=7.81239
		z[109]=7.90606
		z[110]=7.99908
		z[111]=8.09661
		z[112]=8.19888
		z[113]=8.30611
		z[114]=8.41856
		z[115]=8.53646
		z[116]=8.66009
		z[117]=8.78973
		z[118]=8.92566
		z[119]=9.06819
		z[120]=9.21765
		z[121]=9.37436
		z[122]=9.53868
		z[123]=9.71098
		z[124]=9.89166
		z[125]=10.0811
		z[126]=10.2797
		z[127]=10.488
		z[128]=10.7064
		z[129]=10.9355
		z[130]=11.1756
		z[131]=11.4274
		z[132]=11.6914
		z[133]=11.9682
-----------------------------------------------------------------------
Input_mesh_settings--------------------------------
Settings 0----------------
	Scope: GLOBAL
	Type:	------MESHER_SETTINGS----------
	RefAllCells           =0
	RefFluidCells         =0
	RefPartCells          =0
	RefSolidCells         =0
	l_SSFR(Capture crit)  =1
	l_curv(Curvature crit)=0
	l_tol(Tolerance crit) =0
	UseChannelRef         =1
	  NCR_method          =0
	  l_NCR               =1
	  N_gap               =14
	  Use d_NCR_min       =0
	  Use d_NCR_max       =0
	IgnoreThinChannelsHeight         =0
	--END_OF_MESHER_SETTINGS-------
End of input mesh settings-------------------------
NxNyNz = [72, 64, 133]
base_dx=0.137378; 
NxNyNz_reverse = [76, 69, 116]

-----------------------------------------------------------------------
Refining geometries:
-----------------------------------------------------------------------

-----------------------------------------------------------------------
Refining by triangulation...
Refinement input: 612864 bricks
Setting regions...OK (0.005 s)
Refinement result: 612906 bricks (0.089 s)
Refinement input: 612906 bricks
Refinement result: 612906 bricks (0.017 s)
Collecting and processing rays...OK (0.167 s)
Capturing...OK (0.023 s)
Refining by triangulation takes 0.296 s
-----------------------------------------------------------------------

-----------------------------------------------------------------------
Refining peculiar surfaces...
0 surfaces refined
Refining peculiar surfaces takes 0 s
-----------------------------------------------------------------------
Collecting and processing rays...OK (0.007 s)
Capturing...OK (0.003 s)

-----------------------------------------------------------------------
Base mesh 1 Refining...
Collecting and processing rays...OK (0.006 s)
Capturing...OK (0.003 s)
Refinement input: 612906 bricks
Refinement result: 612906 bricks (0.011 s)
-----------------------------------------------------------------------
Refining channels...
FYI: CNarrowChannelRefiner::RefineChannels_PRLL
Refinement input: 612906 bricks
Setting regions...OK (0.003 s)
Refinement result: 613305 bricks (0.066 s)
Collecting and processing rays...OK (0.008 s)
Capturing...OK (0.003 s)
FYI: m_iteration_count = 0
FYI: level1 statistics:
     level1_cnt_plus[1]=456;		level1_cnt_minus[1]=0
     level1_cnt_plus[2]=0;		level1_cnt_minus[2]=0
     level1_cnt_plus[3]=0;		level1_cnt_minus[3]=0
     level1_cnt_plus[4]=0;		level1_cnt_minus[4]=0
     level1_cnt_plus[5]=0;		level1_cnt_minus[5]=0
     level1_cnt_plus[6]=0;		level1_cnt_minus[6]=0
     level1_cnt_plus[7]=0;		level1_cnt_minus[7]=0
     level1_cnt_plus[8]=0;		level1_cnt_minus[8]=0
     level1_cnt_plus[9]=0;		level1_cnt_minus[9]=0
Refinement input: 613305 bricks
Setting regions...OK (0.003 s)
Refinement result: 613312 bricks (0.062 s)
Collecting and processing rays...OK (0.005 s)
Capturing...OK (0.003 s)
FYI: m_iteration_count = 1
FYI: level1 statistics:
     level1_cnt_plus[1]=464;		level1_cnt_minus[1]=0
     level1_cnt_plus[2]=0;		level1_cnt_minus[2]=0
     level1_cnt_plus[3]=0;		level1_cnt_minus[3]=0
     level1_cnt_plus[4]=0;		level1_cnt_minus[4]=0
     level1_cnt_plus[5]=0;		level1_cnt_minus[5]=0
     level1_cnt_plus[6]=0;		level1_cnt_minus[6]=0
     level1_cnt_plus[7]=0;		level1_cnt_minus[7]=0
     level1_cnt_plus[8]=0;		level1_cnt_minus[8]=0
     level1_cnt_plus[9]=0;		level1_cnt_minus[9]=0
FYI: m_iteration_count = 2
FYI: level1 statistics:
     level1_cnt_plus[1]=464;		level1_cnt_minus[1]=0
     level1_cnt_plus[2]=0;		level1_cnt_minus[2]=0
     level1_cnt_plus[3]=0;		level1_cnt_minus[3]=0
     level1_cnt_plus[4]=0;		level1_cnt_minus[4]=0
     level1_cnt_plus[5]=0;		level1_cnt_minus[5]=0
     level1_cnt_plus[6]=0;		level1_cnt_minus[6]=0
     level1_cnt_plus[7]=0;		level1_cnt_minus[7]=0
     level1_cnt_plus[8]=0;		level1_cnt_minus[8]=0
     level1_cnt_plus[9]=0;		level1_cnt_minus[9]=0
FYI: level1 statistics:
     level1_cnt_plus[1]=464;		level1_cnt_minus[1]=0
     level1_cnt_plus[2]=0;		level1_cnt_minus[2]=0
     level1_cnt_plus[3]=0;		level1_cnt_minus[3]=0
     level1_cnt_plus[4]=0;		level1_cnt_minus[4]=0
     level1_cnt_plus[5]=0;		level1_cnt_minus[5]=0
     level1_cnt_plus[6]=0;		level1_cnt_minus[6]=0
     level1_cnt_plus[7]=0;		level1_cnt_minus[7]=0
     level1_cnt_plus[8]=0;		level1_cnt_minus[8]=0
     level1_cnt_plus[9]=0;		level1_cnt_minus[9]=0

-----------------------------------------------------------------------
U-shapes refinement...
Refinement input: 613312 bricks
Setting regions...OK (0.003 s)
Refinement result: 613368 bricks (0.099 s)
Collecting and processing rays...OK (0.006 s)
Capturing...OK (0.003 s)
-----------------------------------------------------------------------

-----------------------------------------------------------------------
Equi Distant Refiner:
Equi Distant Refiner takes 0.00 s
-----------------------------------------------------------------------

/-Ray Intersection---------------/ Time	1.047 s
Calls			23636
CorrectRay Calls	0



-----------------------------------------------------------------------
Refining geometries takes 0.763 s
-----------------------------------------------------------------------
Defect ray count	0
FYI: CNarrowChannelRefiner::RedistributeLevel1_step_1: is finished
FYI: level1 statistics:
     level1_cnt_plus[1]=464;		level1_cnt_minus[1]=0
     level1_cnt_plus[2]=0;		level1_cnt_minus[2]=0
     level1_cnt_plus[3]=0;		level1_cnt_minus[3]=0
     level1_cnt_plus[4]=0;		level1_cnt_minus[4]=0
     level1_cnt_plus[5]=0;		level1_cnt_minus[5]=0
     level1_cnt_plus[6]=0;		level1_cnt_minus[6]=0
     level1_cnt_plus[7]=0;		level1_cnt_minus[7]=0
     level1_cnt_plus[8]=0;		level1_cnt_minus[8]=0
     level1_cnt_plus[9]=0;		level1_cnt_minus[9]=0
FYI: CNarrowChannelRefiner::RedistributeLevel1_step_2: is started
FYI: CNarrowChannelRefiner::RedistributeLevel1_step_2: is finished
FYI: level1 statistics:
     level1_cnt_plus[1]=470;		level1_cnt_minus[1]=0
     level1_cnt_plus[2]=0;		level1_cnt_minus[2]=0
     level1_cnt_plus[3]=0;		level1_cnt_minus[3]=0
     level1_cnt_plus[4]=0;		level1_cnt_minus[4]=0
     level1_cnt_plus[5]=0;		level1_cnt_minus[5]=0
     level1_cnt_plus[6]=0;		level1_cnt_minus[6]=0
     level1_cnt_plus[7]=0;		level1_cnt_minus[7]=0
     level1_cnt_plus[8]=0;		level1_cnt_minus[8]=0
     level1_cnt_plus[9]=0;		level1_cnt_minus[9]=0
FYI: CNarrowChannelRefiner::RedistributeLevel1_step_3: is started
FYI: CNarrowChannelRefiner::RedistributeLevel1_step_3: is finished
RedistributeLevel1 takes:
FYI: level1 statistics:
     level1_cnt_plus[1]=470;		level1_cnt_minus[1]=38
     level1_cnt_plus[2]=0;		level1_cnt_minus[2]=0
     level1_cnt_plus[3]=0;		level1_cnt_minus[3]=0
     level1_cnt_plus[4]=0;		level1_cnt_minus[4]=0
     level1_cnt_plus[5]=0;		level1_cnt_minus[5]=0
     level1_cnt_plus[6]=0;		level1_cnt_minus[6]=0
     level1_cnt_plus[7]=0;		level1_cnt_minus[7]=0
     level1_cnt_plus[8]=0;		level1_cnt_minus[8]=0
     level1_cnt_plus[9]=0;		level1_cnt_minus[9]=0
-----------------------------------------------------------------------
MSH format builder (Iteration 0)
-----------------------------------------------------------------------
Memory Working Set Current = 167.83 Mb, Memory Working Set Peak = 202.68 Mb
Process Threads Number: 22
-----------------------------------------------------------------------
Total bricks count: 613368
-----------------------------------------------------------------------
MSH (Real Geometry) format constructor:
	Geom    Count = 2
	Bodyset Count = 2
	3D task
	Getting brick sets...OK (0.008 s)

	Min x-stack xeps = 0.0106338
	D / dh / eps [axis=0] = (10.3989, 0.0464391, 4.64391e-05)
	D / dh / eps [axis=1] = (9.47842, 0.0473921, 4.73921e-05)
	D / dh / eps [axis=2] = (15.9072, 0.0468031, 4.68031e-05)
	Time (xeps): 0.003 s
Level 1
	Set (0)  size: 288
	Set (0)  time: 0.005 s
	Set (1)  size: 288
	Set (1)  time: 0.002 s
Level 0
	Set (0)  size: 306395
	Set (0)  time: 0.056 s
	Set (1)  size: 306397
	Set (1)  time: 0.054 s
Result:
	Bricks number:                        613368

	Memory usage:                         6.157 MB
	Memory usage (per brick):             0.010 KB
	Construction time:                    0.129 s

	Topology features:
	------------------
	- High quality bricks                  100.00 % (613368)
	- Medium quality bricks                  0.00 % (0)
	- Bad quality bricks                     0.00 % (0)
	- Type-1 bricks                          0.38 % (2324)
	- Ribs corrected bricks                  0.00 % (0)
	- Points with geom-info (bricks)         0.00 % (0)
	- Points with closest-info (bricks)      0.00 % (0)
	- Triangulated by center (bricks)        0.00 % (0)
	- Facet w-faces mergings (bricks)        0.00 % (0)
	- To refine (bricks)                     0.00 % (0)
	- Points-count                           0.00 % (0)
	- T-self-intersection-all (bricks)       0.00 % (0)
	- T-self-intersection-simple (bricks)    0.00 % (0)
	- T-self-intersection-complex (bricks)   0.00 % (0)

-----------------------------------------------------------------------
Memory Working Set Current = 184.03 Mb, Memory Working Set Peak = 202.68 Mb
Process Threads Number: 22
-----------------------------------------------------------------------
-----------------------------------------------------------------------
msh-iterations: 1
-----------------------------------------------------------------------
high---q-brick-count = 100.00 % (613368 613368)
medium-q-brick-count =   0.00 % (613368 0)
bad----q-brick-count =   0.00 % (613368 0)
-----------------------------------------------------------------------
Free brick parser storage...OK(0.002 s)
-----------------------------------------------------------------------
Memory Working Set Current = 182.66 Mb, Memory Working Set Peak = 202.68 Mb
Process Threads Number: 22
-----------------------------------------------------------------------
-----------------------------------------------------------------------
MSH --> BCF format (Iteration 0)...
BCF collector...(remove mode=0)
	Time (alloc counter per brick): 0.009 s
	Brick    count: 613368
	Av.f all count: 611030
	Av.s all count: 4672
	Av.f pid count: 2334
	Av.s pid count: 2324
	Faces fs count: 5304
	Faces ff count: 0
	Faces ss count: 0
	Faces bb count: 0
	Faces fe count: 45392
	Faces se count: 0
	Faces fw count: 50696
	Faces af count: 1809632
	Faces as count: 12842
	Time (all count): 	0.026 s
	Time (bcf alloc): 	0.000 s
	Time (shifts alloc): 	0.018 s
	Time (shifts init): 	0.018 s
	Time (bcf fill): 	0.060 s
	Time (add av to faces): 0.003 s
	Time (add faces to av): 0.042 s
Time (bcf collect): 		0.192 s
	AV checker...
	Time (check av): 	0.095 s
	Subdomain checker...
		Subdomains construction time: 0.149 s.
		Subdomains sort time: 0.000 s.
			Subdomain 0 (geom_ind=0): 611030 av
			Subdomain 1 (geom_ind=1): 4672 av
		gi: 0, subdomains: 1, real bodies: 1
		gi: 1, subdomains: 1, real bodies: 0
		Defect subdomains: 0
	Time (check subdoms): 	0.156 s
Time (bcf iteration total): 	0.446 s
	Time (fw-nb): 		0.001 s
	Fixed mutual fw-nb:     4088 (bb: 0)
	Time (fw-nb mutual): 	0.003 s
	Time (fw-nb sort): 	0.001 s
	Fw-opt BEFORE total:    50696 (fs=5304, ff=0, ss=0)
	Fw-opt AFTER  total:    48579 (fs=3187, ff=0, ss=0, failed fw/br=1/1, big_curv=6, big_poly=0)
	Fw-opt RESULT:          2117 (res/(fs+ff+ss) = 39.91 %)
	Time (fw-opt): 		0.010 s
	Time (fw-re-order): 	0.006 s
	Time (fw-nb): 		0.006 s
	Fixed mutual fw-nb:     97198 (bb: 0)
	Time (fw-nb mutual): 	0.005 s
	Time (fw-nb sort): 	0.001 s
	Time (rfd fix): 	0.000 s
	Time (av convexity): 	0.002 s
	Time (av small volume): 0.002 s
	Time (diagonal fw-nb): 	0.017 s
	Fixed mutual fw-nb:     0 (bb: 0)
	Time (fw-nb mutual): 	0.003 s
	Time (fw-nb sort): 	0.001 s
	Fluid subdomains: 1
	Faces fw-nb diff sd:    0
	Time (fw-nb diff sd): 	0.141 s
Time (bcf calc): 		0.219 s
-----------------------------------------------------------------------
Time (bcf total): 		0.665 s
-----------------------------------------------------------------------
-----------------------------------------------------------------------
Mega-cv constructor for fluid...
	 0 av's is treated as thin
Relative size generator (threshold = 0.05)...
	Iteration 1 (small cluster count = 143)
	Iteration 2 (small cluster count = 53)
	Iteration 3 (small cluster count = 8)
	Iteration 4 (small cluster count = 1)
	Iteration 5 (small cluster count = 0)
	 143 mega-cv's generated
	 0 mega-cv's removed
Relative size generator is completed OK (0.029 s)
Apply fa-rules to mega-cv clusters fixes...
	Fa-rule violation fixes:        2 of        2 (total cluster# =      143)
OK (0.001 s)
Convert clusters:
	 141 mega-cv's total
Mega-cv count: 141
Time (mega-cv fill): 	0.000 s
Time (mega-cv total): 	0.379 s
-----------------------------------------------------------------------
Mixing plane rotation regions: NO.
Sliding mesh rotation regions: NO.
Fluid/fluid faces: NO.
-----------------------------------------------------------------------
Memory Working Set Current = 309.12 Mb, Memory Working Set Peak = 439.18 Mb
Process Threads Number: 22
-----------------------------------------------------------------------
----------------------------------------------------------
BCF --> BCF.GEOMSUBDOM (bridge arrays):
MESH (0):
	Fluid Subdom Constructor: 1 subdom(s).
	Solid Subdom Constructor: 1 subdom(s).
	Net Asm Subdom Constructor: 0 subdom(s).
	GEOMSUBDOM (0): gi=0 fluid av=611030 cv=610887 fa=1809632 fb=0 fw=48579 V=1.565253e+03
	Cache data...OK
	GEOMSUBDOM (1): gi=1 solid av=4672 cv=4672 fa=12842 fb=0 fw=3187 V=2.649749e+00
	Cache data...OK
	Setting nb of w-faces...OK (0.005 s).
	Correcting nb of w-faces...
	Time(correct_fw_nb)=0.005 s

MESH (0) checking:
	GEOMSUBDOM (0):fa_s=34053.1102396940914332 fb_s=0.0000000000000000 fw_s=845.3354492539597231 fw_nb=388580
	              :d_const(117066)=8.92865e-15 d_linear(246342)=7.27713e-14
	GEOMSUBDOM (1):fa_s=85.8247197250076397 fb_s=0.0000000000000000 fw_s=15.8174073105236701 fw_nb=25468
	              :d_const(437)=9.03799e-14 d_linear(123)=1.743e-12
MESH (0) checking: OK.
Time (MDS): 	1.275 s
----------------------------------------------------------
-----------------------------------------------------------------------
Memory Working Set Current = 646.20 Mb, Memory Working Set Peak = 646.20 Mb
Process Threads Number: 22
-----------------------------------------------------------------------

-----------------------------------------------------------------------
BCF CHECKSUM DATA (Mesh 0):

BRICK |Level1| Sum:               508
FACE_A Area Sum:   G.Fluid        34053.1102396942806081
FACE_A Area Sum:   G.Solid        85.8247197250076255
FACE_W Area Sum:                  845.3354492539593821
FACE_W Nb   Sum:                  388580
FACE_W min curvatures sum:        334.45647745
FACE_W max curvatures sum:        20210.35765095
AV Max Disbalance(Const) :        9.03799e-14 (cid=163444, t={68, 58, 70}, avid=611322, pid=212)
AV Max Disbalance(Linear):        1.743e-12 (cid=136089, t={78, 66, 58}, avid=611111, pid=61)
-----------------------------------------------------------------------


-----------------------------------------------------------------------
MESHER TOPOLOGY DATA:

BRICKS: Total                 613368
BRICKS: Max AV number         3
AV:     G.Total               615702
AV:     G.Fluid               611030
AV:     G.Solid               4672

AV:     G.Fluid Thin Profile    0.00 % (0)
AV:     G.Solid Thin Profile    0.21 % (10)

AV:     G.Fluid Thin For Mega   0.00 % (0)
AV:     G.Solid Thin For Mega   0.21 % (10)

AV:     G.Fluid Non-Convex      0.16 % (988)
AV:     G.Solid Non-Convex     14.45 % (675)

AV:     G.Fluid Non-Ess-Convex      0.10 % (638)
AV:     G.Solid Non-Ess-Convex      2.68 % (125)

FACE_A: G.Fluid          (af) 1809632 (partially opened 4709)
FACE_A: G.Solid          (as) 12842 (partially opened 4689)

FACE_B: G.Total          (b)  0

FACE_W: G.Total                 48579       Brick/Bound
FACE_W: G.Fluid/Solid    (fs_g) 3187        0           
FACE_W: G.Fluid/Fluid    (ff_g) 0           0           
FACE_W: G.Solid/Solid    (ss_g) 0           0           
FACE_W: G.Fluid/External (fe_g) 45392
FACE_W: G.Solid/External (se_g) 0

AV/CV max fa count (on brick side):6
AV/CV max fw count:                6
AV/CV max fb count:                0
AV/CV max fw poly count:           17

MEMORY: Total                   168.525 MB
MEMORY: Per Brick               0.281 KB
-----------------------------------------------------------------------

-----------------------------------------------------------------------
Connectivities information:
	Number of conns: 0
-----------------------------------------------------------------------
	Time (gap size): 	0.012 s
-----------------------------------------------------------------------
Calculating curvature and tolerance criteria...
Curvature: min=0 max=2.23627
Tolerance: min=0 max=0.0638847
Calculating curvature and tolerance criteria takes 0.017 s
-----------------------------------------------------------------------
MESH Build(FS) finished. Time=3.697 s
-----------------------------------------------------------------------
Current CPU = 4 sec

Nx=72
Ny=64
Nz=133
Max BRICK Level=1
Mesh Level=1
-----------------CModelBodies2MeshMapper::CollectData started -------------------------------
-----------------CModelBodies2MeshMapper Report -------------------------------
FluidDomains 1 SolidDomains 1 VoidDomains 0 
Domains RefIndexes
Domain 0, Index count 30
Domain 1, Index count 30
----------------- -------------------------------
	ModelBodies
Total resolved Bodies 0 BodySets 0

--------------------------------------------------------------------------
	Positive geometry Bodies
Total resolved Bodies 1 BodySets 1
BodySet 0
	Bodies list:
			#0	Name: ;	ID: 8584bdff-5ef0-4ec4-9800-8f2caaaeb0d3
	Domains list:		 0 

--------------------------------------------------------------------------
	Fluid regions
Total resolved Bodies 1 BodySets 1
BodySet 0	Material: Air; 
	Bodies list:
			#0	Name: ;	ID: 8584bdff-5ef0-4ec4-9800-8f2caaaeb0d3
	Domains list:		 0 

--------------------------------------------------------------------------
-----------------CModelBodies2MeshMapper::CollectData finished successfully-------------------
Saving initial mesh in: C:\Users\Hailin Truman\Documents\GrabCAD\CAD 2019-22\SolarCar2022-2023\Canopy\3\3.fld .
Storing results...
Estimated CPT size=61.543 MB.
	Time (write bcf): 1.263 s
OK
-----------------------------------------------------------------------
Memory Working Set Current = 642.57 Mb, Memory Working Set Peak = 646.99 Mb
Process Threads Number: 22
-----------------------------------------------------------------------
Cleaning memory...
		Time (free xsl):                    	0.001 s
Free Geometry DB takes 0.000 s
	Time (free bcf): 	0.051 s
		Time (free bcf mesh):               	0.204 s
	Time (free mesher data):              	0.208 s
Copying... OK
Mesh generation normally finished at	19.10.2022	18:50:31
Mesher CPU = 6 sec
Mesher is finished at	19.10.2022	18:50:31
-----------------------------------------------------------------------
Memory Working Set Current = 76.88 Mb, Memory Working Set Peak = 646.99 Mb
Process Threads Number: 22
-----------------------------------------------------------------------
Algebra Pool      : mem_usage = 16.50 Mb, allocated count = 0
Log ended at 19.10.2022	18:50:31
