Log started at 19.10.2022	18:34:12
Number of used processors (NPROC): 16.
Number of mesh partitions (NPART): 16.
Total Physical Memory = 15.41 Gb, Available Physical Memory = 4.32 Gb
Computer name:	THEBEEFMACHINE
Operating system:	Windows 10 (or higher) (Version 10.0.19044)

SOLIDWORKS 2021 SP3.0
Flow Simulation 2021  x64 / 5251 / MESHER ver.  

Project: C:\Users\Hailin Truman\Documents\GrabCAD\CAD 2019-22\SolarCar2022-2023\Canopy\2\2.xmlconfig
Configuration name: Default
Project name: Project(1)
Problem type: external-with-void-internal-space-type
NGK: OFF
MBO: OFF
-----------------------------------------------------------------------
Mesher option run = eRunMesherNormal
-----------------------------------------------------------------------

Mesh generation started:	19.10.2022	18:34:12
Base mesh dimensions were changed from (72, 64, 137) to (72, 64, 136)
Mesher adjust APD = OFF; AdjustAPD_method=0; N_per_Channel = 0; N2_per_Channel = 0
Current CPU = 0 sec
-----------------------------------------------------------------------
Geometries initialization:
-----------------------------------------------------------------------
Loading mesh settings (global/local)...
-----------------------------------------------------------------------
Number of geometries from DB: 1
Geometry(0):
	Guid = {00000000-0000-0000-0000-000000000000}
	Fluid..
	1 Body.
	1 Real body.
	-- Bodyset 0 --
		Tolerance=0.000552731.
		28 Face(s).
			28 of b-spline type.
		0 Face(s) that have no ref faces
		3 Plane surface(s).
		4 Cylinder surface(s).
		8 B- surface(s).
		13 Blending surface(s).
		22758 Triangle(s).
		Getting triangle connectivities from DB: 0.001 s
		70 Edge(s).
			70 of b-spline type.
		BodyGeom reading: 0.010 s.
		28 Reference Face(s).
		22758 Reference Triangles.
		Getting triangle connectivities from DB (Ref): 0.001 s
		BodyGeom Ref reading: 0.003 s.
		Getting triangle connectivities from DB (Extra Triangulation): 0.001 s
Geometry(1):
	Solid.
	-- Bodyset 1 --
	Empty
-----------------------------------------------------------------------
Number of geometries in task: 2
Number of bodysets   in task: 2
-----------------------------------------------------------------------
	Making hash and connectivity for Bodyset ...
		CBodyGeom:
		Hash size: {72, 64, 136}.
		Mesh size: {72, 64, 136}.
		Hashing triangles...Ok.
			axis(0) tr sizes: average=18 max=430
			axis(1) tr sizes: average=15 max=238
			axis(2) tr sizes: average=39 max=205
		Number of t-connected sets:1
			(0) size=22758
		Done.
		CBodyGeomRef:
		Hashing triangles...Ok.
			axis(0) tr sizes: average=17 max=421
			axis(1) tr sizes: average=14 max=226
			axis(2) tr sizes: average=36 max=188
		Done.
	0.0396 s.
Hash BodySets boxes over base mesh...OK (0.085 s)
Geometries reading and preparing has taken 0.145 s.

Mapped triangles:
Hashing geometries triangles
	Triangles num=22758
	Triangles box={-0.334466  ,1.35476  ,1.0019  ,1.93734  ,0.21757  ,5.11171  }
		3d-hash size is 2718816 bytes
Hashing peculiar surfaces triangles
Mapped triangles processed in 0.046 s.
-----------------------------------------------------------------------
Getting sectors:
Number of sectors: 0
-----------------------------------------------------------------------
-----------------------------------------------------------------------

Current CPU = 0 sec
-----------------------------------------------------------------------
Checking faces on CD...
FCD = [0 0 0 0 0 0]
FCD_conflicts = 0
Time (check faces on CD)=0.000 s
-----------------------------------------------------------------------

-----------------------------------------------------------------------
Mesh dimensions:
				I[0 ]=72
				I[1 ]=64
				I[2 ]=136

Comp. domain size:
				a[0  ]=-3.99924
				a[1  ]=5.01953
				a[2  ]=-2.64106
				a[3  ]=5.37526
				a[4  ]=-3.2832
				a[5  ]=10.8409

Fluid calculated			1
Solid calculated			0
-----------------------------------------------------------------------
MESH Build started...
-----------------------------------------------------------------------
Mesh LEVEL = 1
-----------------------------------------------------------------------
-----------------------------------------------------------------------
CPT-mode xeps:
	D / dh / eps [axis=0] = (9.01877, 0.0404746, 4.04746e-05)
	D / dh / eps [axis=1] = (8.01632, 0.0369426, 3.69426e-05)
	D / dh / eps [axis=2] = (14.1241, 0.0410533, 4.10533e-05)
-----------------------------------------------------------------------
Setting regions...OK (0.005 s)
-----------------------------------------------------------------------
Base mesh info:
	3D task
	Nx=72
	Ny=64
	Nz=136
	N(Nx*Ny*Nz) = 4608
	Period    axis=[0, 0, 0]
	Symmetry  ni=[0 0 0 0 0 0]
	ZoomingBC ni=[0 0 0 0 0 0]
	Nx=72
		x[0]=-3.99924
		x[1]=-3.75116
		x[2]=-3.5154
		x[3]=-3.29127
		x[4]=-3.07819
		x[5]=-2.87562
		x[6]=-2.68304
		x[7]=-2.49997
		x[8]=-2.32592
		x[9]=-2.16046
		x[10]=-2.00316
		x[11]=-1.85361
		x[12]=-1.71145
		x[13]=-1.5763
		x[14]=-1.44781
		x[15]=-1.32566
		x[16]=-1.20954
		x[17]=-1.09914
		x[18]=-0.994193
		x[19]=-0.894419
		x[20]=-0.799567
		x[21]=-0.709394
		x[22]=-0.623668
		x[23]=-0.542171
		x[24]=-0.461222
		x[25]=-0.380272
		x[26]=-0.299323
		x[27]=-0.218374
		x[28]=-0.137424
		x[29]=-0.0564747
		x[30]=0.0244747
		x[31]=0.105424
		x[32]=0.186373
		x[33]=0.267323
		x[34]=0.348272
		x[35]=0.429222
		x[36]=0.510171
		x[37]=0.59112
		x[38]=0.67207
		x[39]=0.753019
		x[40]=0.833969
		x[41]=0.914918
		x[42]=0.995867
		x[43]=1.07682
		x[44]=1.15777
		x[45]=1.23872
		x[46]=1.31967
		x[47]=1.40061
		x[48]=1.48156
		x[49]=1.56251
		x[50]=1.64401
		x[51]=1.72974
		x[52]=1.81991
		x[53]=1.91477
		x[54]=2.01454
		x[55]=2.11949
		x[56]=2.22989
		x[57]=2.34602
		x[58]=2.46817
		x[59]=2.59666
		x[60]=2.73181
		x[61]=2.87398
		x[62]=3.02353
		x[63]=3.18084
		x[64]=3.3463
		x[65]=3.52036
		x[66]=3.70344
		x[67]=3.89602
		x[68]=4.0986
		x[69]=4.31169
		x[70]=4.53583
		x[71]=4.7716
		x[72]=5.01953
	Ny=64
		y[0]=-2.64106
		y[1]=-2.41156
		y[2]=-2.19271
		y[3]=-1.98396
		y[4]=-1.78482
		y[5]=-1.59487
		y[6]=-1.41368
		y[7]=-1.24085
		y[8]=-1.07598
		y[9]=-0.918717
		y[10]=-0.768704
		y[11]=-0.62561
		y[12]=-0.489113
		y[13]=-0.358911
		y[14]=-0.234712
		y[15]=-0.116241
		y[16]=-0.00323234
		y[17]=0.104565
		y[18]=0.207392
		y[19]=0.305477
		y[20]=0.399039
		y[21]=0.488287
		y[22]=0.57342
		y[23]=0.654627
		y[24]=0.732089
		y[25]=0.805979
		y[26]=0.886144
		y[27]=0.966308
		y[28]=1.04647
		y[29]=1.12663
		y[30]=1.2068
		y[31]=1.28696
		y[32]=1.36712
		y[33]=1.44729
		y[34]=1.52745
		y[35]=1.60761
		y[36]=1.68778
		y[37]=1.76794
		y[38]=1.8481
		y[39]=1.92827
		y[40]=2.00215
		y[41]=2.07961
		y[42]=2.16082
		y[43]=2.24595
		y[44]=2.33519
		y[45]=2.42876
		y[46]=2.52684
		y[47]=2.62967
		y[48]=2.73746
		y[49]=2.85047
		y[50]=2.96894
		y[51]=3.09314
		y[52]=3.22335
		y[53]=3.35985
		y[54]=3.50295
		y[55]=3.65296
		y[56]=3.81023
		y[57]=3.9751
		y[58]=4.14795
		y[59]=4.32915
		y[60]=4.51911
		y[61]=4.71825
		y[62]=4.92702
		y[63]=5.14588
		y[64]=5.37526
	Nz=136
		z[0]=-3.2832
		z[1]=-3.04935
		z[2]=-2.8269
		z[3]=-2.61523
		z[4]=-2.41382
		z[5]=-2.22217
		z[6]=-2.03981
		z[7]=-1.86629
		z[8]=-1.70118
		z[9]=-1.54408
		z[10]=-1.39459
		z[11]=-1.25235
		z[12]=-1.117
		z[13]=-0.988211
		z[14]=-0.865667
		z[15]=-0.749063
		z[16]=-0.638112
		z[17]=-0.532538
		z[18]=-0.432083
		z[19]=-0.336496
		z[20]=-0.245544
		z[21]=-0.159
		z[22]=-0.076651
		z[23]=0.00548034
		z[24]=0.0876117
		z[25]=0.169743
		z[26]=0.251874
		z[27]=0.334006
		z[28]=0.416137
		z[29]=0.498268
		z[30]=0.5804
		z[31]=0.662531
		z[32]=0.744662
		z[33]=0.826794
		z[34]=0.908925
		z[35]=0.991056
		z[36]=1.07319
		z[37]=1.15532
		z[38]=1.23745
		z[39]=1.31958
		z[40]=1.40171
		z[41]=1.48384
		z[42]=1.56598
		z[43]=1.64811
		z[44]=1.73024
		z[45]=1.81237
		z[46]=1.8945
		z[47]=1.97663
		z[48]=2.05876
		z[49]=2.1409
		z[50]=2.22303
		z[51]=2.30516
		z[52]=2.38729
		z[53]=2.46942
		z[54]=2.55155
		z[55]=2.63368
		z[56]=2.71595
		z[57]=2.79822
		z[58]=2.88049
		z[59]=2.96276
		z[60]=3.04503
		z[61]=3.1273
		z[62]=3.20958
		z[63]=3.29185
		z[64]=3.37412
		z[65]=3.45639
		z[66]=3.53866
		z[67]=3.62093
		z[68]=3.7032
		z[69]=3.78547
		z[70]=3.86774
		z[71]=3.95001
		z[72]=4.03228
		z[73]=4.11455
		z[74]=4.19682
		z[75]=4.27909
		z[76]=4.36136
		z[77]=4.44363
		z[78]=4.5259
		z[79]=4.60817
		z[80]=4.69044
		z[81]=4.77271
		z[82]=4.85498
		z[83]=4.93725
		z[84]=5.01952
		z[85]=5.10179
		z[86]=5.18406
		z[87]=5.26633
		z[88]=5.3486
		z[89]=5.43087
		z[90]=5.51314
		z[91]=5.59541
		z[92]=5.67768
		z[93]=5.75995
		z[94]=5.84222
		z[95]=5.92449
		z[96]=6.00676
		z[97]=6.08903
		z[98]=6.1713
		z[99]=6.25357
		z[100]=6.33585
		z[101]=6.41812
		z[102]=6.50039
		z[103]=6.58266
		z[104]=6.66493
		z[105]=6.7472
		z[106]=6.82947
		z[107]=6.91174
		z[108]=6.99401
		z[109]=7.07628
		z[110]=7.15855
		z[111]=7.24082
		z[112]=7.32309
		z[113]=7.40536
		z[114]=7.48746
		z[115]=7.57374
		z[116]=7.6644
		z[117]=7.75967
		z[118]=7.85977
		z[119]=7.96496
		z[120]=8.07549
		z[121]=8.19164
		z[122]=8.31368
		z[123]=8.44193
		z[124]=8.57668
		z[125]=8.71829
		z[126]=8.86708
		z[127]=9.02343
		z[128]=9.18773
		z[129]=9.36037
		z[130]=9.54178
		z[131]=9.7324
		z[132]=9.9327
		z[133]=10.1432
		z[134]=10.3644
		z[135]=10.5968
		z[136]=10.8409
-----------------------------------------------------------------------
Input_mesh_settings--------------------------------
Settings 0----------------
	Scope: GLOBAL
	Type:	------MESHER_SETTINGS----------
	RefAllCells           =0
	RefFluidCells         =0
	RefPartCells          =0
	RefSolidCells         =0
	l_SSFR(Capture crit)  =1
	l_curv(Curvature crit)=0
	l_tol(Tolerance crit) =0
	UseChannelRef         =1
	  NCR_method          =0
	  l_NCR               =1
	  N_gap               =14
	  Use d_NCR_min       =0
	  Use d_NCR_max       =0
	IgnoreThinChannelsHeight         =0
	--END_OF_MESHER_SETTINGS-------
End of input mesh settings-------------------------
NxNyNz = [72, 64, 136]
base_dx=0.118123; 
NxNyNz_reverse = [76, 68, 120]

-----------------------------------------------------------------------
Refining geometries:
-----------------------------------------------------------------------

-----------------------------------------------------------------------
Refining by triangulation...
Refinement input: 626688 bricks
Setting regions...OK (0.005 s)
Refinement result: 626702 bricks (0.082 s)
Refinement input: 626702 bricks
Refinement result: 626702 bricks (0.016 s)
Collecting and processing rays...OK (0.145 s)
Capturing...OK (0.020 s)
Refining by triangulation takes 0.262 s
-----------------------------------------------------------------------

-----------------------------------------------------------------------
Refining peculiar surfaces...
0 surfaces refined
Refining peculiar surfaces takes 0 s
-----------------------------------------------------------------------
Collecting and processing rays...OK (0.006 s)
Capturing...OK (0.003 s)

-----------------------------------------------------------------------
Base mesh 1 Refining...
Collecting and processing rays...OK (0.005 s)
Capturing...OK (0.002 s)
Refinement input: 626702 bricks
Refinement result: 626702 bricks (0.009 s)
-----------------------------------------------------------------------
Refining channels...
FYI: CNarrowChannelRefiner::RefineChannels_PRLL
Refinement input: 626702 bricks
Setting regions...OK (0.003 s)
Refinement result: 627003 bricks (0.060 s)
Collecting and processing rays...OK (0.010 s)
Capturing...OK (0.003 s)
FYI: m_iteration_count = 0
FYI: level1 statistics:
     level1_cnt_plus[1]=344;		level1_cnt_minus[1]=0
     level1_cnt_plus[2]=0;		level1_cnt_minus[2]=0
     level1_cnt_plus[3]=0;		level1_cnt_minus[3]=0
     level1_cnt_plus[4]=0;		level1_cnt_minus[4]=0
     level1_cnt_plus[5]=0;		level1_cnt_minus[5]=0
     level1_cnt_plus[6]=0;		level1_cnt_minus[6]=0
     level1_cnt_plus[7]=0;		level1_cnt_minus[7]=0
     level1_cnt_plus[8]=0;		level1_cnt_minus[8]=0
     level1_cnt_plus[9]=0;		level1_cnt_minus[9]=0
Refinement input: 627003 bricks
Setting regions...OK (0.003 s)
Refinement result: 627010 bricks (0.059 s)
Collecting and processing rays...OK (0.005 s)
Capturing...OK (0.003 s)
FYI: m_iteration_count = 1
FYI: level1 statistics:
     level1_cnt_plus[1]=352;		level1_cnt_minus[1]=0
     level1_cnt_plus[2]=0;		level1_cnt_minus[2]=0
     level1_cnt_plus[3]=0;		level1_cnt_minus[3]=0
     level1_cnt_plus[4]=0;		level1_cnt_minus[4]=0
     level1_cnt_plus[5]=0;		level1_cnt_minus[5]=0
     level1_cnt_plus[6]=0;		level1_cnt_minus[6]=0
     level1_cnt_plus[7]=0;		level1_cnt_minus[7]=0
     level1_cnt_plus[8]=0;		level1_cnt_minus[8]=0
     level1_cnt_plus[9]=0;		level1_cnt_minus[9]=0
FYI: m_iteration_count = 2
FYI: level1 statistics:
     level1_cnt_plus[1]=352;		level1_cnt_minus[1]=0
     level1_cnt_plus[2]=0;		level1_cnt_minus[2]=0
     level1_cnt_plus[3]=0;		level1_cnt_minus[3]=0
     level1_cnt_plus[4]=0;		level1_cnt_minus[4]=0
     level1_cnt_plus[5]=0;		level1_cnt_minus[5]=0
     level1_cnt_plus[6]=0;		level1_cnt_minus[6]=0
     level1_cnt_plus[7]=0;		level1_cnt_minus[7]=0
     level1_cnt_plus[8]=0;		level1_cnt_minus[8]=0
     level1_cnt_plus[9]=0;		level1_cnt_minus[9]=0
FYI: level1 statistics:
     level1_cnt_plus[1]=352;		level1_cnt_minus[1]=0
     level1_cnt_plus[2]=0;		level1_cnt_minus[2]=0
     level1_cnt_plus[3]=0;		level1_cnt_minus[3]=0
     level1_cnt_plus[4]=0;		level1_cnt_minus[4]=0
     level1_cnt_plus[5]=0;		level1_cnt_minus[5]=0
     level1_cnt_plus[6]=0;		level1_cnt_minus[6]=0
     level1_cnt_plus[7]=0;		level1_cnt_minus[7]=0
     level1_cnt_plus[8]=0;		level1_cnt_minus[8]=0
     level1_cnt_plus[9]=0;		level1_cnt_minus[9]=0

-----------------------------------------------------------------------
U-shapes refinement...
Refinement input: 627010 bricks
Setting regions...OK (0.003 s)
Refinement result: 627066 bricks (0.091 s)
Collecting and processing rays...OK (0.005 s)
Capturing...OK (0.002 s)
-----------------------------------------------------------------------

-----------------------------------------------------------------------
Equi Distant Refiner:
Equi Distant Refiner takes 0.00 s
-----------------------------------------------------------------------

/-Ray Intersection---------------/ Time	0.977 s
Calls			23963
CorrectRay Calls	0



-----------------------------------------------------------------------
Refining geometries takes 0.694 s
-----------------------------------------------------------------------
Defect ray count	0
FYI: CNarrowChannelRefiner::RedistributeLevel1_step_1: is finished
FYI: level1 statistics:
     level1_cnt_plus[1]=352;		level1_cnt_minus[1]=0
     level1_cnt_plus[2]=0;		level1_cnt_minus[2]=0
     level1_cnt_plus[3]=0;		level1_cnt_minus[3]=0
     level1_cnt_plus[4]=0;		level1_cnt_minus[4]=0
     level1_cnt_plus[5]=0;		level1_cnt_minus[5]=0
     level1_cnt_plus[6]=0;		level1_cnt_minus[6]=0
     level1_cnt_plus[7]=0;		level1_cnt_minus[7]=0
     level1_cnt_plus[8]=0;		level1_cnt_minus[8]=0
     level1_cnt_plus[9]=0;		level1_cnt_minus[9]=0
FYI: CNarrowChannelRefiner::RedistributeLevel1_step_2: is started
FYI: CNarrowChannelRefiner::RedistributeLevel1_step_2: is finished
FYI: level1 statistics:
     level1_cnt_plus[1]=354;		level1_cnt_minus[1]=0
     level1_cnt_plus[2]=0;		level1_cnt_minus[2]=0
     level1_cnt_plus[3]=0;		level1_cnt_minus[3]=0
     level1_cnt_plus[4]=0;		level1_cnt_minus[4]=0
     level1_cnt_plus[5]=0;		level1_cnt_minus[5]=0
     level1_cnt_plus[6]=0;		level1_cnt_minus[6]=0
     level1_cnt_plus[7]=0;		level1_cnt_minus[7]=0
     level1_cnt_plus[8]=0;		level1_cnt_minus[8]=0
     level1_cnt_plus[9]=0;		level1_cnt_minus[9]=0
FYI: CNarrowChannelRefiner::RedistributeLevel1_step_3: is started
FYI: CNarrowChannelRefiner::RedistributeLevel1_step_3: is finished
RedistributeLevel1 takes:
FYI: level1 statistics:
     level1_cnt_plus[1]=354;		level1_cnt_minus[1]=14
     level1_cnt_plus[2]=0;		level1_cnt_minus[2]=0
     level1_cnt_plus[3]=0;		level1_cnt_minus[3]=0
     level1_cnt_plus[4]=0;		level1_cnt_minus[4]=0
     level1_cnt_plus[5]=0;		level1_cnt_minus[5]=0
     level1_cnt_plus[6]=0;		level1_cnt_minus[6]=0
     level1_cnt_plus[7]=0;		level1_cnt_minus[7]=0
     level1_cnt_plus[8]=0;		level1_cnt_minus[8]=0
     level1_cnt_plus[9]=0;		level1_cnt_minus[9]=0
-----------------------------------------------------------------------
MSH format builder (Iteration 0)
-----------------------------------------------------------------------
Memory Working Set Current = 172.32 Mb, Memory Working Set Peak = 207.96 Mb
Process Threads Number: 22
-----------------------------------------------------------------------
Total bricks count: 627066
-----------------------------------------------------------------------
MSH (Real Geometry) format constructor:
	Geom    Count = 2
	Bodyset Count = 2
	3D task
	Getting brick sets...OK (0.011 s)

	Min x-stack xeps = 0.031991
	D / dh / eps [axis=0] = (9.01877, 0.0404747, 4.04747e-05)
	D / dh / eps [axis=1] = (8.01632, 0.0400816, 4.00816e-05)
	D / dh / eps [axis=2] = (14.1241, 0.0410657, 4.10657e-05)
	Time (xeps): 0.003 s
Level 1
	Set (0)  size: 216
	Set (0)  time: 0.007 s
	Set (1)  size: 216
	Set (1)  time: 0.002 s
Level 0
	Set (0)  size: 313317
	Set (0)  time: 0.057 s
	Set (1)  size: 313317
	Set (1)  time: 0.053 s
Result:
	Bricks number:                        627066

	Memory usage:                         6.644 MB
	Memory usage (per brick):             0.011 KB
	Construction time:                    0.135 s

	Topology features:
	------------------
	- High quality bricks                  100.00 % (627066)
	- Medium quality bricks                  0.00 % (0)
	- Bad quality bricks                     0.00 % (0)
	- Type-1 bricks                          0.48 % (3001)
	- Ribs corrected bricks                  0.00 % (0)
	- Points with geom-info (bricks)         0.00 % (0)
	- Points with closest-info (bricks)      0.00 % (0)
	- Triangulated by center (bricks)        0.00 % (0)
	- Facet w-faces mergings (bricks)        0.00 % (0)
	- To refine (bricks)                     0.00 % (0)
	- Points-count                           0.00 % (0)
	- T-self-intersection-all (bricks)       0.00 % (0)
	- T-self-intersection-simple (bricks)    0.00 % (0)
	- T-self-intersection-complex (bricks)   0.00 % (0)

-----------------------------------------------------------------------
Memory Working Set Current = 188.64 Mb, Memory Working Set Peak = 207.96 Mb
Process Threads Number: 22
-----------------------------------------------------------------------
-----------------------------------------------------------------------
msh-iterations: 1
-----------------------------------------------------------------------
high---q-brick-count = 100.00 % (627066 627066)
medium-q-brick-count =   0.00 % (627066 0)
bad----q-brick-count =   0.00 % (627066 0)
-----------------------------------------------------------------------
Free brick parser storage...OK(0.002 s)
-----------------------------------------------------------------------
Memory Working Set Current = 187.22 Mb, Memory Working Set Peak = 207.96 Mb
Process Threads Number: 22
-----------------------------------------------------------------------
-----------------------------------------------------------------------
MSH --> BCF format (Iteration 0)...
BCF collector...(remove mode=0)
	Time (alloc counter per brick): 0.009 s
	Brick    count: 627066
	Av.f all count: 623329
	Av.s all count: 6744
	Av.f pid count: 3007
	Av.s pid count: 3001
	Faces fs count: 6470
	Faces ff count: 0
	Faces ss count: 0
	Faces bb count: 0
	Faces fe count: 46208
	Faces se count: 0
	Faces fw count: 52678
	Faces af count: 1845765
	Faces as count: 18644
	Time (all count): 	0.024 s
	Time (bcf alloc): 	0.001 s
	Time (shifts alloc): 	0.018 s
	Time (shifts init): 	0.018 s
	Time (bcf fill): 	0.054 s
	Time (add av to faces): 0.003 s
	Time (add faces to av): 0.041 s
Time (bcf collect): 		0.182 s
	AV checker...
	Time (check av): 	0.094 s
	Subdomain checker...
		Subdomains construction time: 0.124 s.
		Subdomains sort time: 0.000 s.
			Subdomain 0 (geom_ind=0): 623329 av
			Subdomain 1 (geom_ind=1): 6744 av
		gi: 0, subdomains: 1, real bodies: 1
		gi: 1, subdomains: 1, real bodies: 0
		Defect subdomains: 0
	Time (check subdoms): 	0.130 s
Time (bcf iteration total): 	0.409 s
	Time (fw-nb): 		0.001 s
	Fixed mutual fw-nb:     4589 (bb: 0)
	Time (fw-nb mutual): 	0.002 s
	Time (fw-nb sort): 	0.000 s
	Fw-opt BEFORE total:    52678 (fs=6470, ff=0, ss=0)
	Fw-opt AFTER  total:    50136 (fs=3928, ff=0, ss=0, failed fw/br=0/0, big_curv=1, big_poly=0)
	Fw-opt RESULT:          2542 (res/(fs+ff+ss) = 39.29 %)
	Time (fw-opt): 		0.008 s
	Time (fw-re-order): 	0.006 s
	Time (fw-nb): 		0.005 s
	Fixed mutual fw-nb:     100312 (bb: 0)
	Time (fw-nb mutual): 	0.005 s
	Time (fw-nb sort): 	0.001 s
	Time (rfd fix): 	0.000 s
	Time (av convexity): 	0.002 s
	Time (av small volume): 0.002 s
	Time (diagonal fw-nb): 	0.017 s
	Fixed mutual fw-nb:     0 (bb: 0)
	Time (fw-nb mutual): 	0.003 s
	Time (fw-nb sort): 	0.001 s
	Fluid subdomains: 1
	Faces fw-nb diff sd:    0
	Time (fw-nb diff sd): 	0.136 s
Time (bcf calc): 		0.210 s
-----------------------------------------------------------------------
Time (bcf total): 		0.619 s
-----------------------------------------------------------------------
-----------------------------------------------------------------------
Mega-cv constructor for fluid...
	 0 av's is treated as thin
Relative size generator (threshold = 0.05)...
	Iteration 1 (small cluster count = 177)
	Iteration 2 (small cluster count = 59)
	Iteration 3 (small cluster count = 9)
	Iteration 4 (small cluster count = 0)
	 177 mega-cv's generated
	 0 mega-cv's removed
Relative size generator is completed OK (0.028 s)
Apply fa-rules to mega-cv clusters fixes...
OK (0.001 s)
Convert clusters:
	 177 mega-cv's total
Mega-cv count: 177
Time (mega-cv fill): 	0.000 s
Time (mega-cv total): 	0.383 s
-----------------------------------------------------------------------
Mixing plane rotation regions: NO.
Sliding mesh rotation regions: NO.
Fluid/fluid faces: NO.
-----------------------------------------------------------------------
Memory Working Set Current = 317.29 Mb, Memory Working Set Peak = 451.16 Mb
Process Threads Number: 22
-----------------------------------------------------------------------
----------------------------------------------------------
BCF --> BCF.GEOMSUBDOM (bridge arrays):
MESH (0):
	Fluid Subdom Constructor: 1 subdom(s).
	Solid Subdom Constructor: 1 subdom(s).
	Net Asm Subdom Constructor: 0 subdom(s).
	GEOMSUBDOM (0): gi=0 fluid av=623329 cv=623152 fa=1845765 fb=0 fw=50136 V=1.018512e+03
	Cache data...OK
	GEOMSUBDOM (1): gi=1 solid av=6744 cv=6744 fa=18644 fb=0 fw=3928 V=2.624395e+00
	Cache data...OK
	Setting nb of w-faces...OK (0.005 s).
	Correcting nb of w-faces...
	Time(correct_fw_nb)=0.005 s

MESH (0) checking:
	GEOMSUBDOM (0):fa_s=25727.0360419159696903 fb_s=0.0000000000000000 fw_s=641.4161100206970332 fw_nb=400986
	              :d_const(60824)=5.51678e-15 d_linear(389726)=1.09123e-13
	GEOMSUBDOM (1):fa_s=98.1146732090873002 fb_s=0.0000000000000000 fw_s=15.6102592304764620 fw_nb=31346
	              :d_const(5182)=1.3133e-14 d_linear(4754)=1.65236e-12
MESH (0) checking: OK.
Time (MDS): 	1.196 s
----------------------------------------------------------
-----------------------------------------------------------------------
Memory Working Set Current = 663.53 Mb, Memory Working Set Peak = 663.54 Mb
Process Threads Number: 22
-----------------------------------------------------------------------

-----------------------------------------------------------------------
BCF CHECKSUM DATA (Mesh 0):

BRICK |Level1| Sum:               368
FACE_A Area Sum:   G.Fluid        25727.0360419159769663
FACE_A Area Sum:   G.Solid        98.1146732090873002
FACE_W Area Sum:                  641.4161100206970332
FACE_W Nb   Sum:                  400986
FACE_W min curvatures sum:        232.25025891
FACE_W max curvatures sum:        18722.72611591
AV Max Disbalance(Const) :        2.48847e-14 (cid=311449, t={68, 67, 134}, avid=308266, pid=2342)
AV Max Disbalance(Linear):        1.27471e-11 (cid=200261, t={58, 58, 86}, avid=199559, pid=741)
-----------------------------------------------------------------------


-----------------------------------------------------------------------
MESHER TOPOLOGY DATA:

BRICKS: Total                 627066
BRICKS: Max AV number         3
AV:     G.Total               630073
AV:     G.Fluid               623329
AV:     G.Solid               6744

AV:     G.Fluid Thin Profile    0.00 % (0)
AV:     G.Solid Thin Profile    0.09 % (6)

AV:     G.Fluid Thin For Mega   0.00 % (0)
AV:     G.Solid Thin For Mega   0.09 % (6)

AV:     G.Fluid Non-Convex      0.19 % (1189)
AV:     G.Solid Non-Convex     11.64 % (785)

AV:     G.Fluid Non-Ess-Convex      0.12 % (726)
AV:     G.Solid Non-Ess-Convex      2.09 % (141)

FACE_A: G.Fluid          (af) 1845765 (partially opened 6045)
FACE_A: G.Solid          (as) 18644 (partially opened 6033)

FACE_B: G.Total          (b)  0

FACE_W: G.Total                 50136       Brick/Bound
FACE_W: G.Fluid/Solid    (fs_g) 3928        0           
FACE_W: G.Fluid/Fluid    (ff_g) 0           0           
FACE_W: G.Solid/Solid    (ss_g) 0           0           
FACE_W: G.Fluid/External (fe_g) 46208
FACE_W: G.Solid/External (se_g) 0

AV/CV max fa count (on brick side):6
AV/CV max fw count:                6
AV/CV max fb count:                0
AV/CV max fw poly count:           16

MEMORY: Total                   172.538 MB
MEMORY: Per Brick               0.282 KB
-----------------------------------------------------------------------

-----------------------------------------------------------------------
Connectivities information:
	Number of conns: 0
-----------------------------------------------------------------------
	Time (gap size): 	0.014 s
-----------------------------------------------------------------------
Calculating curvature and tolerance criteria...
Curvature: min=0 max=2.26093
Tolerance: min=0 max=0.0506998
Calculating curvature and tolerance criteria takes 0.019 s
-----------------------------------------------------------------------
MESH Build(FS) finished. Time=3.493 s
-----------------------------------------------------------------------
Current CPU = 3 sec

Nx=72
Ny=64
Nz=136
Max BRICK Level=1
Mesh Level=1
-----------------CModelBodies2MeshMapper::CollectData started -------------------------------
-----------------CModelBodies2MeshMapper Report -------------------------------
FluidDomains 1 SolidDomains 1 VoidDomains 0 
Domains RefIndexes
Domain 0, Index count 28
Domain 1, Index count 28
----------------- -------------------------------
	ModelBodies
Total resolved Bodies 0 BodySets 0

--------------------------------------------------------------------------
	Positive geometry Bodies
Total resolved Bodies 1 BodySets 1
BodySet 0
	Bodies list:
			#0	Name: ;	ID: ed2f60f9-c37c-4677-b15b-fe45cc221781
	Domains list:		 0 

--------------------------------------------------------------------------
	Fluid regions
Total resolved Bodies 1 BodySets 1
BodySet 0	Material: Air; 
	Bodies list:
			#0	Name: ;	ID: ed2f60f9-c37c-4677-b15b-fe45cc221781
	Domains list:		 0 

--------------------------------------------------------------------------
-----------------CModelBodies2MeshMapper::CollectData finished successfully-------------------
Saving initial mesh in: C:\Users\Hailin Truman\Documents\GrabCAD\CAD 2019-22\SolarCar2022-2023\Canopy\2\2.fld .
Storing results...
Estimated CPT size=63.117 MB.
	Time (write bcf): 1.255 s
OK
-----------------------------------------------------------------------
Memory Working Set Current = 660.38 Mb, Memory Working Set Peak = 664.33 Mb
Process Threads Number: 22
-----------------------------------------------------------------------
Cleaning memory...
		Time (free xsl):                    	0.001 s
Free Geometry DB takes 0.000 s
	Time (free bcf): 	0.047 s
		Time (free bcf mesh):               	0.191 s
	Time (free mesher data):              	0.194 s
Copying... OK
Mesh generation normally finished at	19.10.2022	18:34:17
Mesher CPU = 5 sec
Mesher is finished at	19.10.2022	18:34:17
-----------------------------------------------------------------------
Memory Working Set Current = 77.88 Mb, Memory Working Set Peak = 664.33 Mb
Process Threads Number: 22
-----------------------------------------------------------------------
Algebra Pool      : mem_usage = 16.94 Mb, allocated count = 0
Log ended at 19.10.2022	18:34:17
