Log started at 19.10.2022	09:51:51
Number of used processors (NPROC): 16.
Number of mesh partitions (NPART): 16.
Total Physical Memory = 15.41 Gb, Available Physical Memory = 2.50 Gb
Computer name:	THEBEEFMACHINE
Operating system:	Windows 10 (or higher) (Version 10.0.19044)

SOLIDWORKS 2021 SP3.0
Flow Simulation 2021  x64 / 5251 / MESHER ver.  

Project: C:\Users\Hailin Truman\Documents\GrabCAD\CAD 2019-22\SolarCar2022-2023\Canopy\1\1.xmlconfig
Configuration name: Default
Project name: Project(1)
Problem type: external-with-void-internal-space-type
NGK: OFF
MBO: OFF
-----------------------------------------------------------------------
Mesher option run = eRunMesherNormal
-----------------------------------------------------------------------

Mesh generation started:	19.10.2022	9:51:51
Base mesh dimensions were changed from (76, 64, 137) to (76, 64, 136)
Mesher adjust APD = OFF; AdjustAPD_method=0; N_per_Channel = 0; N2_per_Channel = 0
Current CPU = 0 sec
-----------------------------------------------------------------------
Geometries initialization:
-----------------------------------------------------------------------
Loading mesh settings (global/local)...
-----------------------------------------------------------------------
Number of geometries from DB: 1
Geometry(0):
	Guid = {00000000-0000-0000-0000-000000000000}
	Fluid..
	1 Body.
	1 Real body.
	-- Bodyset 0 --
		Tolerance=0.000560163.
		31 Face(s).
			31 of b-spline type.
		0 Face(s) that have no ref faces
		6 Plane surface(s).
		4 Cylinder surface(s).
		7 B- surface(s).
		14 Blending surface(s).
		19602 Triangle(s).
		Getting triangle connectivities from DB: 0.001 s
		81 Edge(s).
			81 of b-spline type.
		BodyGeom reading: 0.010 s.
		31 Reference Face(s).
		19602 Reference Triangles.
		Getting triangle connectivities from DB (Ref): 0.001 s
		BodyGeom Ref reading: 0.002 s.
		Getting triangle connectivities from DB (Extra Triangulation): 0.001 s
Geometry(1):
	Solid.
	-- Bodyset 1 --
	Empty
-----------------------------------------------------------------------
Number of geometries in task: 2
Number of bodysets   in task: 2
-----------------------------------------------------------------------
	Making hash and connectivity for Bodyset ...
		CBodyGeom:
		Hash size: {76, 64, 136}.
		Mesh size: {76, 64, 136}.
		Hashing triangles...Ok.
			axis(0) tr sizes: average=16 max=312
			axis(1) tr sizes: average=13 max=271
			axis(2) tr sizes: average=36 max=261
		Number of t-connected sets:1
			(0) size=19602
		Done.
		CBodyGeomRef:
		Hashing triangles...Ok.
			axis(0) tr sizes: average=15 max=292
			axis(1) tr sizes: average=12 max=252
			axis(2) tr sizes: average=33 max=253
		Done.
	0.0307 s.
Hash BodySets boxes over base mesh...OK (0.084 s)
Geometries reading and preparing has taken 0.133 s.

Mapped triangles:
Hashing geometries triangles
	Triangles num=19602
	Triangles box={-0.19887  ,1.52274  ,1.26797  ,2.21158  ,0.0580425  ,4.9164  }
		3d-hash size is 2838384 bytes
Hashing peculiar surfaces triangles
Mapped triangles processed in 0.045 s.
-----------------------------------------------------------------------
Getting sectors:
Number of sectors: 0
-----------------------------------------------------------------------
-----------------------------------------------------------------------

Current CPU = 1 sec
-----------------------------------------------------------------------
Checking faces on CD...
FCD = [0 0 0 0 0 0]
FCD_conflicts = 0
Time (check faces on CD)=0.000 s
-----------------------------------------------------------------------

-----------------------------------------------------------------------
Mesh dimensions:
				I[0 ]=76
				I[1 ]=64
				I[2 ]=136

Comp. domain size:
				a[0  ]=-3.89634
				a[1  ]=5.24307
				a[2  ]=-2.39951
				a[3  ]=5.67403
				a[4  ]=-3.55275
				a[5  ]=10.6865

Fluid calculated			1
Solid calculated			0
-----------------------------------------------------------------------
MESH Build started...
-----------------------------------------------------------------------
Mesh LEVEL = 1
-----------------------------------------------------------------------
-----------------------------------------------------------------------
CPT-mode xeps:
	D / dh / eps [axis=0] = (9.1394, 0.0388362, 3.88362e-05)
	D / dh / eps [axis=1] = (8.07354, 0.0372063, 3.72063e-05)
	D / dh / eps [axis=2] = (14.2392, 0.0413466, 4.13466e-05)
-----------------------------------------------------------------------
Setting regions...OK (0.006 s)
-----------------------------------------------------------------------
Base mesh info:
	3D task
	Nx=76
	Ny=64
	Nz=136
	N(Nx*Ny*Nz) = 4864
	Period    axis=[0, 0, 0]
	Symmetry  ni=[0 0 0 0 0 0]
	ZoomingBC ni=[0 0 0 0 0 0]
	Nx=76
		x[0]=-3.89634
		x[1]=-3.65687
		x[2]=-3.42879
		x[3]=-3.21148
		x[4]=-3.00442
		x[5]=-2.80714
		x[6]=-2.61917
		x[7]=-2.44007
		x[8]=-2.26943
		x[9]=-2.10684
		x[10]=-1.95193
		x[11]=-1.80433
		x[12]=-1.6637
		x[13]=-1.5297
		x[14]=-1.40203
		x[15]=-1.28039
		x[16]=-1.16449
		x[17]=-1.05406
		x[18]=-0.948849
		x[19]=-0.8486
		x[20]=-0.753084
		x[21]=-0.662076
		x[22]=-0.575364
		x[23]=-0.492746
		x[24]=-0.414028
		x[25]=-0.336355
		x[26]=-0.258683
		x[27]=-0.18101
		x[28]=-0.103337
		x[29]=-0.0256644
		x[30]=0.0520084
		x[31]=0.129681
		x[32]=0.207354
		x[33]=0.285027
		x[34]=0.362699
		x[35]=0.440372
		x[36]=0.518045
		x[37]=0.595718
		x[38]=0.67339
		x[39]=0.751063
		x[40]=0.828736
		x[41]=0.906409
		x[42]=0.984081
		x[43]=1.06175
		x[44]=1.13943
		x[45]=1.2171
		x[46]=1.29477
		x[47]=1.37245
		x[48]=1.45012
		x[49]=1.52779
		x[50]=1.60546
		x[51]=1.68314
		x[52]=1.76081
		x[53]=1.83952
		x[54]=1.92214
		x[55]=2.00884
		x[56]=2.09985
		x[57]=2.19536
		x[58]=2.29561
		x[59]=2.40082
		x[60]=2.51125
		x[61]=2.62715
		x[62]=2.74879
		x[63]=2.87646
		x[64]=3.01045
		x[65]=3.15109
		x[66]=3.29869
		x[67]=3.45361
		x[68]=3.6162
		x[69]=3.78685
		x[70]=3.96596
		x[71]=4.15394
		x[72]=4.35123
		x[73]=4.5583
		x[74]=4.77564
		x[75]=5.00374
		x[76]=5.24307
	Ny=64
		y[0]=-2.39951
		y[1]=-2.16838
		y[2]=-1.94797
		y[3]=-1.73772
		y[4]=-1.53716
		y[5]=-1.34586
		y[6]=-1.16337
		y[7]=-0.989303
		y[8]=-0.82326
		y[9]=-0.664874
		y[10]=-0.513791
		y[11]=-0.369675
		y[12]=-0.232204
		y[13]=-0.101072
		y[14]=0.0240126
		y[15]=0.14333
		y[16]=0.257145
		y[17]=0.365712
		y[18]=0.469272
		y[19]=0.568058
		y[20]=0.662288
		y[21]=0.752173
		y[22]=0.837913
		y[23]=0.9197
		y[24]=0.997715
		y[25]=1.07213
		y[26]=1.15287
		y[27]=1.23361
		y[28]=1.31434
		y[29]=1.39508
		y[30]=1.47581
		y[31]=1.55655
		y[32]=1.63728
		y[33]=1.71802
		y[34]=1.79875
		y[35]=1.87949
		y[36]=1.96022
		y[37]=2.04096
		y[38]=2.1217
		y[39]=2.20243
		y[40]=2.27684
		y[41]=2.35486
		y[42]=2.43664
		y[43]=2.52238
		y[44]=2.61226
		y[45]=2.70649
		y[46]=2.80528
		y[47]=2.90884
		y[48]=3.0174
		y[49]=3.13122
		y[50]=3.25054
		y[51]=3.37562
		y[52]=3.50676
		y[53]=3.64423
		y[54]=3.78835
		y[55]=3.93944
		y[56]=4.09783
		y[57]=4.26388
		y[58]=4.43795
		y[59]=4.62045
		y[60]=4.81176
		y[61]=5.01233
		y[62]=5.22259
		y[63]=5.44301
		y[64]=5.67403
	Nz=136
		z[0]=-3.55275
		z[1]=-3.31723
		z[2]=-3.09319
		z[3]=-2.88001
		z[4]=-2.67716
		z[5]=-2.48414
		z[6]=-2.30048
		z[7]=-2.12572
		z[8]=-1.95944
		z[9]=-1.80121
		z[10]=-1.65066
		z[11]=-1.5074
		z[12]=-1.37108
		z[13]=-1.24138
		z[14]=-1.11796
		z[15]=-1.00052
		z[16]=-0.88878
		z[17]=-0.782453
		z[18]=-0.68128
		z[19]=-0.585012
		z[20]=-0.49341
		z[21]=-0.406248
		z[22]=-0.323312
		z[23]=-0.240378
		z[24]=-0.157444
		z[25]=-0.07451
		z[26]=0.00842394
		z[27]=0.0913578
		z[28]=0.174292
		z[29]=0.257226
		z[30]=0.34016
		z[31]=0.423093
		z[32]=0.506027
		z[33]=0.588961
		z[34]=0.671895
		z[35]=0.754829
		z[36]=0.837763
		z[37]=0.920697
		z[38]=1.00363
		z[39]=1.08656
		z[40]=1.1695
		z[41]=1.25243
		z[42]=1.33537
		z[43]=1.4183
		z[44]=1.50123
		z[45]=1.58417
		z[46]=1.6671
		z[47]=1.75004
		z[48]=1.83297
		z[49]=1.9159
		z[50]=1.99884
		z[51]=2.08177
		z[52]=2.16471
		z[53]=2.24764
		z[54]=2.33057
		z[55]=2.41351
		z[56]=2.49649
		z[57]=2.57947
		z[58]=2.66245
		z[59]=2.74543
		z[60]=2.82841
		z[61]=2.91139
		z[62]=2.99437
		z[63]=3.07735
		z[64]=3.16033
		z[65]=3.24331
		z[66]=3.32629
		z[67]=3.40927
		z[68]=3.49225
		z[69]=3.57523
		z[70]=3.65822
		z[71]=3.7412
		z[72]=3.82418
		z[73]=3.90716
		z[74]=3.99014
		z[75]=4.07312
		z[76]=4.1561
		z[77]=4.23908
		z[78]=4.32206
		z[79]=4.40504
		z[80]=4.48802
		z[81]=4.571
		z[82]=4.65398
		z[83]=4.73696
		z[84]=4.81994
		z[85]=4.90292
		z[86]=4.9859
		z[87]=5.06888
		z[88]=5.15187
		z[89]=5.23485
		z[90]=5.31783
		z[91]=5.40081
		z[92]=5.48379
		z[93]=5.56677
		z[94]=5.64975
		z[95]=5.73273
		z[96]=5.81571
		z[97]=5.89869
		z[98]=5.98167
		z[99]=6.06465
		z[100]=6.14763
		z[101]=6.23061
		z[102]=6.31359
		z[103]=6.39657
		z[104]=6.47955
		z[105]=6.56253
		z[106]=6.64552
		z[107]=6.7285
		z[108]=6.81148
		z[109]=6.89446
		z[110]=6.97744
		z[111]=7.06042
		z[112]=7.1434
		z[113]=7.22638
		z[114]=7.30907
		z[115]=7.39597
		z[116]=7.48728
		z[117]=7.58322
		z[118]=7.68404
		z[119]=7.78998
		z[120]=7.9013
		z[121]=8.01828
		z[122]=8.14119
		z[123]=8.27035
		z[124]=8.40607
		z[125]=8.54869
		z[126]=8.69854
		z[127]=8.85601
		z[128]=9.02148
		z[129]=9.19535
		z[130]=9.37805
		z[131]=9.57004
		z[132]=9.77177
		z[133]=9.98375
		z[134]=10.2065
		z[135]=10.4406
		z[136]=10.6865
-----------------------------------------------------------------------
Input_mesh_settings--------------------------------
Settings 0----------------
	Scope: GLOBAL
	Type:	------MESHER_SETTINGS----------
	RefAllCells           =0
	RefFluidCells         =0
	RefPartCells          =0
	RefSolidCells         =0
	l_SSFR(Capture crit)  =1
	l_curv(Curvature crit)=0
	l_tol(Tolerance crit) =0
	UseChannelRef         =1
	  NCR_method          =0
	  l_NCR               =1
	  N_gap               =14
	  Use d_NCR_min       =0
	  Use d_NCR_max       =0
	IgnoreThinChannelsHeight         =0
	--END_OF_MESHER_SETTINGS-------
End of input mesh settings-------------------------
NxNyNz = [76, 64, 136]
base_dx=0.117035; 
NxNyNz_reverse = [78, 69, 122]

-----------------------------------------------------------------------
Refining geometries:
-----------------------------------------------------------------------

-----------------------------------------------------------------------
Refining by triangulation...
Refinement input: 661504 bricks
Setting regions...OK (0.005 s)
Refinement result: 661511 bricks (0.084 s)
Refinement input: 661511 bricks
Refinement result: 661511 bricks (0.015 s)
Collecting and processing rays...OK (0.139 s)
Capturing...OK (0.020 s)
Refining by triangulation takes 0.259 s
-----------------------------------------------------------------------

-----------------------------------------------------------------------
Refining peculiar surfaces...
0 surfaces refined
Refining peculiar surfaces takes 0.001 s
-----------------------------------------------------------------------
Collecting and processing rays...OK (0.007 s)
Capturing...OK (0.003 s)

-----------------------------------------------------------------------
Base mesh 1 Refining...
Collecting and processing rays...OK (0.005 s)
Capturing...OK (0.003 s)
Refinement input: 661511 bricks
Refinement result: 661511 bricks (0.010 s)
-----------------------------------------------------------------------
Refining channels...
FYI: CNarrowChannelRefiner::RefineChannels_PRLL
Refinement input: 661511 bricks
Setting regions...OK (0.003 s)
Refinement result: 661896 bricks (0.062 s)
Collecting and processing rays...OK (0.009 s)
Capturing...OK (0.003 s)
FYI: m_iteration_count = 0
FYI: level1 statistics:
     level1_cnt_plus[1]=440;		level1_cnt_minus[1]=0
     level1_cnt_plus[2]=0;		level1_cnt_minus[2]=0
     level1_cnt_plus[3]=0;		level1_cnt_minus[3]=0
     level1_cnt_plus[4]=0;		level1_cnt_minus[4]=0
     level1_cnt_plus[5]=0;		level1_cnt_minus[5]=0
     level1_cnt_plus[6]=0;		level1_cnt_minus[6]=0
     level1_cnt_plus[7]=0;		level1_cnt_minus[7]=0
     level1_cnt_plus[8]=0;		level1_cnt_minus[8]=0
     level1_cnt_plus[9]=0;		level1_cnt_minus[9]=0
Refinement input: 661896 bricks
Setting regions...OK (0.003 s)
Refinement result: 661917 bricks (0.060 s)
Collecting and processing rays...OK (0.007 s)
Capturing...OK (0.003 s)
FYI: m_iteration_count = 1
FYI: level1 statistics:
     level1_cnt_plus[1]=464;		level1_cnt_minus[1]=0
     level1_cnt_plus[2]=0;		level1_cnt_minus[2]=0
     level1_cnt_plus[3]=0;		level1_cnt_minus[3]=0
     level1_cnt_plus[4]=0;		level1_cnt_minus[4]=0
     level1_cnt_plus[5]=0;		level1_cnt_minus[5]=0
     level1_cnt_plus[6]=0;		level1_cnt_minus[6]=0
     level1_cnt_plus[7]=0;		level1_cnt_minus[7]=0
     level1_cnt_plus[8]=0;		level1_cnt_minus[8]=0
     level1_cnt_plus[9]=0;		level1_cnt_minus[9]=0
FYI: m_iteration_count = 2
FYI: level1 statistics:
     level1_cnt_plus[1]=464;		level1_cnt_minus[1]=0
     level1_cnt_plus[2]=0;		level1_cnt_minus[2]=0
     level1_cnt_plus[3]=0;		level1_cnt_minus[3]=0
     level1_cnt_plus[4]=0;		level1_cnt_minus[4]=0
     level1_cnt_plus[5]=0;		level1_cnt_minus[5]=0
     level1_cnt_plus[6]=0;		level1_cnt_minus[6]=0
     level1_cnt_plus[7]=0;		level1_cnt_minus[7]=0
     level1_cnt_plus[8]=0;		level1_cnt_minus[8]=0
     level1_cnt_plus[9]=0;		level1_cnt_minus[9]=0
FYI: level1 statistics:
     level1_cnt_plus[1]=464;		level1_cnt_minus[1]=0
     level1_cnt_plus[2]=0;		level1_cnt_minus[2]=0
     level1_cnt_plus[3]=0;		level1_cnt_minus[3]=0
     level1_cnt_plus[4]=0;		level1_cnt_minus[4]=0
     level1_cnt_plus[5]=0;		level1_cnt_minus[5]=0
     level1_cnt_plus[6]=0;		level1_cnt_minus[6]=0
     level1_cnt_plus[7]=0;		level1_cnt_minus[7]=0
     level1_cnt_plus[8]=0;		level1_cnt_minus[8]=0
     level1_cnt_plus[9]=0;		level1_cnt_minus[9]=0

-----------------------------------------------------------------------
U-shapes refinement...
Refinement input: 661917 bricks
Setting regions...OK (0.003 s)
Refinement result: 661973 bricks (0.092 s)
Collecting and processing rays...OK (0.007 s)
Capturing...OK (0.003 s)
-----------------------------------------------------------------------

-----------------------------------------------------------------------
Equi Distant Refiner:
Equi Distant Refiner takes 0.00 s
-----------------------------------------------------------------------

/-Ray Intersection---------------/ Time	0.786 s
Calls			24873
CorrectRay Calls	0



-----------------------------------------------------------------------
Refining geometries takes 0.704 s
-----------------------------------------------------------------------
Defect ray count	0
FYI: CNarrowChannelRefiner::RedistributeLevel1_step_1: is finished
FYI: level1 statistics:
     level1_cnt_plus[1]=464;		level1_cnt_minus[1]=0
     level1_cnt_plus[2]=0;		level1_cnt_minus[2]=0
     level1_cnt_plus[3]=0;		level1_cnt_minus[3]=0
     level1_cnt_plus[4]=0;		level1_cnt_minus[4]=0
     level1_cnt_plus[5]=0;		level1_cnt_minus[5]=0
     level1_cnt_plus[6]=0;		level1_cnt_minus[6]=0
     level1_cnt_plus[7]=0;		level1_cnt_minus[7]=0
     level1_cnt_plus[8]=0;		level1_cnt_minus[8]=0
     level1_cnt_plus[9]=0;		level1_cnt_minus[9]=0
FYI: CNarrowChannelRefiner::RedistributeLevel1_step_2: is started
FYI: CNarrowChannelRefiner::RedistributeLevel1_step_2: is finished
FYI: level1 statistics:
     level1_cnt_plus[1]=467;		level1_cnt_minus[1]=0
     level1_cnt_plus[2]=0;		level1_cnt_minus[2]=0
     level1_cnt_plus[3]=0;		level1_cnt_minus[3]=0
     level1_cnt_plus[4]=0;		level1_cnt_minus[4]=0
     level1_cnt_plus[5]=0;		level1_cnt_minus[5]=0
     level1_cnt_plus[6]=0;		level1_cnt_minus[6]=0
     level1_cnt_plus[7]=0;		level1_cnt_minus[7]=0
     level1_cnt_plus[8]=0;		level1_cnt_minus[8]=0
     level1_cnt_plus[9]=0;		level1_cnt_minus[9]=0
FYI: CNarrowChannelRefiner::RedistributeLevel1_step_3: is started
FYI: CNarrowChannelRefiner::RedistributeLevel1_step_3: is finished
RedistributeLevel1 takes:
FYI: level1 statistics:
     level1_cnt_plus[1]=467;		level1_cnt_minus[1]=5
     level1_cnt_plus[2]=0;		level1_cnt_minus[2]=0
     level1_cnt_plus[3]=0;		level1_cnt_minus[3]=0
     level1_cnt_plus[4]=0;		level1_cnt_minus[4]=0
     level1_cnt_plus[5]=0;		level1_cnt_minus[5]=0
     level1_cnt_plus[6]=0;		level1_cnt_minus[6]=0
     level1_cnt_plus[7]=0;		level1_cnt_minus[7]=0
     level1_cnt_plus[8]=0;		level1_cnt_minus[8]=0
     level1_cnt_plus[9]=0;		level1_cnt_minus[9]=0
-----------------------------------------------------------------------
MSH format builder (Iteration 0)
-----------------------------------------------------------------------
Memory Working Set Current = 176.80 Mb, Memory Working Set Peak = 214.47 Mb
Process Threads Number: 22
-----------------------------------------------------------------------
Total bricks count: 661973
-----------------------------------------------------------------------
MSH (Real Geometry) format constructor:
	Geom    Count = 2
	Bodyset Count = 2
	3D task
	Getting brick sets...OK (0.008 s)

	Min x-stack xeps = 0.0108027
	D / dh / eps [axis=0] = (9.1394, 0.0388364, 3.88364e-05)
	D / dh / eps [axis=1] = (8.07354, 0.0403677, 4.03677e-05)
	D / dh / eps [axis=2] = (14.2392, 0.0414669, 4.14669e-05)
	Time (xeps): 0.003 s
Level 1
	Set (0)  size: 268
	Set (0)  time: 0.017 s
	Set (1)  size: 268
	Set (1)  time: 0.003 s
Level 0
	Set (0)  size: 330720
	Set (0)  time: 0.057 s
	Set (1)  size: 330717
	Set (1)  time: 0.054 s
Result:
	Bricks number:                        661973

	Memory usage:                         6.976 MB
	Memory usage (per brick):             0.011 KB
	Construction time:                    0.144 s

	Topology features:
	------------------
	- High quality bricks                  100.00 % (661973)
	- Medium quality bricks                  0.00 % (0)
	- Bad quality bricks                     0.00 % (0)
	- Type-1 bricks                          0.47 % (3103)
	- Ribs corrected bricks                  0.00 % (0)
	- Points with geom-info (bricks)         0.00 % (0)
	- Points with closest-info (bricks)      0.00 % (0)
	- Triangulated by center (bricks)        0.00 % (0)
	- Facet w-faces mergings (bricks)        0.00 % (0)
	- To refine (bricks)                     0.00 % (0)
	- Points-count                           0.00 % (0)
	- T-self-intersection-all (bricks)       0.00 % (0)
	- T-self-intersection-simple (bricks)    0.00 % (0)
	- T-self-intersection-complex (bricks)   0.00 % (0)

-----------------------------------------------------------------------
Memory Working Set Current = 193.12 Mb, Memory Working Set Peak = 214.47 Mb
Process Threads Number: 22
-----------------------------------------------------------------------
-----------------------------------------------------------------------
msh-iterations: 1
-----------------------------------------------------------------------
high---q-brick-count = 100.00 % (661973 661973)
medium-q-brick-count =   0.00 % (661973 0)
bad----q-brick-count =   0.00 % (661973 0)
-----------------------------------------------------------------------
Free brick parser storage...OK(0.002 s)
-----------------------------------------------------------------------
Memory Working Set Current = 192.59 Mb, Memory Working Set Peak = 214.47 Mb
Process Threads Number: 22
-----------------------------------------------------------------------
-----------------------------------------------------------------------
MSH --> BCF format (Iteration 0)...
BCF collector...(remove mode=0)
	Time (alloc counter per brick): 0.012 s
	Brick    count: 661973
	Av.f all count: 658181
	Av.s all count: 6903
	Av.f pid count: 3111
	Av.s pid count: 3103
	Faces fs count: 6635
	Faces ff count: 0
	Faces ss count: 0
	Faces bb count: 0
	Faces fe count: 47808
	Faces se count: 0
	Faces fw count: 54443
	Faces af count: 1949523
	Faces as count: 19117
	Time (all count): 	0.025 s
	Time (bcf alloc): 	0.001 s
	Time (shifts alloc): 	0.022 s
	Time (shifts init): 	0.022 s
	Time (bcf fill): 	0.067 s
	Time (add av to faces): 0.003 s
	Time (add faces to av): 0.047 s
Time (bcf collect): 		0.209 s
	AV checker...
	Time (check av): 	0.095 s
	Subdomain checker...
		Subdomains construction time: 0.141 s.
		Subdomains sort time: 0.000 s.
			Subdomain 0 (geom_ind=0): 658181 av
			Subdomain 1 (geom_ind=1): 6903 av
		gi: 0, subdomains: 1, real bodies: 1
		gi: 1, subdomains: 1, real bodies: 0
		Defect subdomains: 0
	Time (check subdoms): 	0.148 s
Time (bcf iteration total): 	0.455 s
	Time (fw-nb): 		0.001 s
	Fixed mutual fw-nb:     4674 (bb: 0)
	Time (fw-nb mutual): 	0.002 s
	Time (fw-nb sort): 	0.000 s
	Fw-opt BEFORE total:    54443 (fs=6635, ff=0, ss=0)
	Fw-opt AFTER  total:    51906 (fs=4098, ff=0, ss=0, failed fw/br=2/1, big_curv=3, big_poly=0)
	Fw-opt RESULT:          2537 (res/(fs+ff+ss) = 38.24 %)
	Time (fw-opt): 		0.008 s
	Time (fw-re-order): 	0.007 s
	Time (fw-nb): 		0.005 s
	Fixed mutual fw-nb:     103871 (bb: 0)
	Time (fw-nb mutual): 	0.005 s
	Time (fw-nb sort): 	0.001 s
	Time (rfd fix): 	0.000 s
	Time (av convexity): 	0.002 s
	Time (av small volume): 0.002 s
	Time (diagonal fw-nb): 	0.017 s
	Fixed mutual fw-nb:     0 (bb: 0)
	Time (fw-nb mutual): 	0.003 s
	Time (fw-nb sort): 	0.001 s
	Fluid subdomains: 1
	Faces fw-nb diff sd:    0
	Time (fw-nb diff sd): 	0.128 s
Time (bcf calc): 		0.204 s
-----------------------------------------------------------------------
Time (bcf total): 		0.659 s
-----------------------------------------------------------------------
-----------------------------------------------------------------------
Mega-cv constructor for fluid...
	 0 av's is treated as thin
Relative size generator (threshold = 0.05)...
	Iteration 1 (small cluster count = 207)
	Iteration 2 (small cluster count = 78)
	Iteration 3 (small cluster count = 15)
	Iteration 4 (small cluster count = 2)
	Iteration 5 (small cluster count = 0)
	 207 mega-cv's generated
	 1 mega-cv's removed
Relative size generator is completed OK (0.027 s)
Apply fa-rules to mega-cv clusters fixes...
	Fa-rule violation fixes:        3 of        3 (total cluster# =      207)
OK (0.001 s)
Convert clusters:
	 206 mega-cv's total
Mega-cv count: 206
Time (mega-cv fill): 	0.000 s
Time (mega-cv total): 	0.385 s
-----------------------------------------------------------------------
Mixing plane rotation regions: NO.
Sliding mesh rotation regions: NO.
Fluid/fluid faces: NO.
-----------------------------------------------------------------------
Memory Working Set Current = 328.08 Mb, Memory Working Set Peak = 471.32 Mb
Process Threads Number: 22
-----------------------------------------------------------------------
----------------------------------------------------------
BCF --> BCF.GEOMSUBDOM (bridge arrays):
MESH (0):
	Fluid Subdom Constructor: 1 subdom(s).
	Solid Subdom Constructor: 1 subdom(s).
	Net Asm Subdom Constructor: 0 subdom(s).
	GEOMSUBDOM (0): gi=0 fluid av=658181 cv=657974 fa=1949523 fb=0 fw=51906 V=1.048056e+03
	Cache data...OK
	GEOMSUBDOM (1): gi=1 solid av=6903 cv=6903 fa=19117 fb=0 fw=4098 V=2.617161e+00
	Cache data...OK
	Setting nb of w-faces...OK (0.007 s).
	Correcting nb of w-faces...
	Time(correct_fw_nb)=0.005 s

MESH (0) checking:
	GEOMSUBDOM (0):fa_s=26684.5766441332598333 fb_s=0.0000000000000000 fw_s=653.4869843911681073 fw_nb=415132
	              :d_const(229619)=8.44313e-15 d_linear(227894)=6.11485e-14
	GEOMSUBDOM (1):fa_s=98.7578817703569314 fb_s=0.0000000000000000 fw_s=15.7151150728127362 fw_nb=32692
	              :d_const(6393)=1.01554e-14 d_linear(6241)=1.64382e-11
MESH (0) checking: OK.
Time (MDS): 	1.249 s
----------------------------------------------------------
-----------------------------------------------------------------------
Memory Working Set Current = 693.67 Mb, Memory Working Set Peak = 693.68 Mb
Process Threads Number: 22
-----------------------------------------------------------------------

-----------------------------------------------------------------------
BCF CHECKSUM DATA (Mesh 0):

BRICK |Level1| Sum:               472
FACE_A Area Sum:   G.Fluid        26684.5766441332707473
FACE_A Area Sum:   G.Solid        98.7578817703569314
FACE_W Area Sum:                  653.4869843911679936
FACE_W Nb   Sum:                  415132
FACE_W min curvatures sum:        259.20230022
FACE_W max curvatures sum:        23258.54346431
AV Max Disbalance(Const) :        3.59238e-13 (cid=324010, t={70, 67, 132}, avid=320846, pid=2381)
AV Max Disbalance(Linear):        1.64382e-11 (cid=416153, t={80, 58, 170}, avid=665066, pid=3085)
-----------------------------------------------------------------------


-----------------------------------------------------------------------
MESHER TOPOLOGY DATA:

BRICKS: Total                 661973
BRICKS: Max AV number         3
AV:     G.Total               665084
AV:     G.Fluid               658181
AV:     G.Solid               6903

AV:     G.Fluid Thin Profile    0.00 % (0)
AV:     G.Solid Thin Profile    0.12 % (8)

AV:     G.Fluid Thin For Mega   0.00 % (0)
AV:     G.Solid Thin For Mega   0.12 % (8)

AV:     G.Fluid Non-Convex      0.18 % (1200)
AV:     G.Solid Non-Convex     11.10 % (766)

AV:     G.Fluid Non-Ess-Convex      0.11 % (712)
AV:     G.Solid Non-Ess-Convex      2.49 % (172)

FACE_A: G.Fluid          (af) 1949523 (partially opened 6271)
FACE_A: G.Solid          (as) 19117 (partially opened 6254)

FACE_B: G.Total          (b)  0

FACE_W: G.Total                 51906       Brick/Bound
FACE_W: G.Fluid/Solid    (fs_g) 4098        0           
FACE_W: G.Fluid/Fluid    (ff_g) 0           0           
FACE_W: G.Solid/Solid    (ss_g) 0           0           
FACE_W: G.Fluid/External (fe_g) 47808
FACE_W: G.Solid/External (se_g) 0

AV/CV max fa count (on brick side):6
AV/CV max fw count:                6
AV/CV max fb count:                0
AV/CV max fw poly count:           23

MEMORY: Total                   181.994 MB
MEMORY: Per Brick               0.282 KB
-----------------------------------------------------------------------

-----------------------------------------------------------------------
Connectivities information:
	Number of conns: 0
-----------------------------------------------------------------------
	Time (gap size): 	0.013 s
-----------------------------------------------------------------------
Calculating curvature and tolerance criteria...
Curvature: min=0 max=2.30261
Tolerance: min=0 max=0.0564093
Calculating curvature and tolerance criteria takes 0.015 s
-----------------------------------------------------------------------
MESH Build(FS) finished. Time=3.611 s
-----------------------------------------------------------------------
Current CPU = 4 sec

Nx=76
Ny=64
Nz=136
Max BRICK Level=1
Mesh Level=1
-----------------CModelBodies2MeshMapper::CollectData started -------------------------------
-----------------CModelBodies2MeshMapper Report -------------------------------
FluidDomains 1 SolidDomains 1 VoidDomains 0 
Domains RefIndexes
Domain 0, Index count 31
Domain 1, Index count 31
----------------- -------------------------------
	ModelBodies
Total resolved Bodies 0 BodySets 0

--------------------------------------------------------------------------
	Positive geometry Bodies
Total resolved Bodies 1 BodySets 1
BodySet 0
	Bodies list:
			#0	Name: ;	ID: f3914d9d-6d21-480e-abc7-455dc1993c45
	Domains list:		 0 

--------------------------------------------------------------------------
	Fluid regions
Total resolved Bodies 1 BodySets 1
BodySet 0	Material: Air; 
	Bodies list:
			#0	Name: ;	ID: f3914d9d-6d21-480e-abc7-455dc1993c45
	Domains list:		 0 

--------------------------------------------------------------------------
-----------------CModelBodies2MeshMapper::CollectData finished successfully-------------------
Saving initial mesh in: C:\Users\Hailin Truman\Documents\GrabCAD\CAD 2019-22\SolarCar2022-2023\Canopy\1\1.fld .
Storing results...
Estimated CPT size=66.568 MB.
	Time (write bcf): 1.305 s
OK
-----------------------------------------------------------------------
Memory Working Set Current = 690.43 Mb, Memory Working Set Peak = 694.43 Mb
Process Threads Number: 22
-----------------------------------------------------------------------
Cleaning memory...
		Time (free xsl):                    	0.001 s
Free Geometry DB takes 0.000 s
	Time (free bcf): 	0.048 s
		Time (free bcf mesh):               	0.191 s
	Time (free mesher data):              	0.194 s
Copying... OK
Mesh generation normally finished at	19.10.2022	9:51:57
Mesher CPU = 6 sec
Mesher is finished at	19.10.2022	9:51:57
-----------------------------------------------------------------------
Memory Working Set Current = 79.09 Mb, Memory Working Set Peak = 694.43 Mb
Process Threads Number: 22
-----------------------------------------------------------------------
Algebra Pool      : mem_usage = 17.81 Mb, allocated count = 0
Log ended at 19.10.2022	09:51:57
